#
# A fatal error has been detected by the Java Runtime Environment:
#
#  EXCEPTION_ACCESS_VIOLATION (0xc0000005) at pc=0x00007ff86b49bc8a, pid=6020, tid=30628
#
# JRE version: OpenJDK Runtime Environment Temurin-17.0.1+12 (17.0.1+12) (build 17.0.1+12)
# Java VM: OpenJDK 64-Bit Server VM Temurin-17.0.1+12 (17.0.1+12, mixed mode, tiered, compressed oops, compressed class ptrs, g1 gc, windows-amd64)
# Problematic frame:
# V  [jvm.dll+0x79bc8a]
#
# No core dump will be written. Minidumps are not enabled by default on client versions of Windows
#
# If you would like to submit a bug report, please visit:
#   https://github.com/adoptium/adoptium-support/issues
#

---------------  S U M M A R Y ------------

Command Line: -XX:+ShowCodeDetailsInExceptionMessages -agentlib:jdwp=transport=dt_socket,suspend=y,address=localhost:53418 -javaagent:C:\Users\Utkarsh Bhardwaj\eclipse\java-2021-12\eclipse\configuration\org.eclipse.osgi\224\0\.cp\lib\javaagent-shaded.jar -Dfile.encoding=UTF-8 com.vscode.Application

Host: Intel(R) Core(TM) i5-8265U CPU @ 1.60GHz, 8 cores, 7G,  Windows 10 , 64 bit Build 19041 (10.0.19041.1741)
Time: Sun Jul 10 13:57:26 2022 India Standard Time elapsed time: 2527.151646 seconds (0d 0h 42m 7s)

---------------  T H R E A D  ---------------

Current thread (0x00000237ffecf470):  JavaThread "JDWP Transport Listener: dt_socket" daemon [_thread_in_vm, id=30628, stack(0x000000cd16300000,0x000000cd16400000)]

Stack: [0x000000cd16300000,0x000000cd16400000],  sp=0x000000cd163ff180,  free space=1020k
Native frames: (J=compiled Java code, j=interpreted, Vv=VM code, C=native code)
V  [jvm.dll+0x79bc8a]
V  [jvm.dll+0x507e6c]
V  [jvm.dll+0x4cf4d4]
C  [jdwp.dll+0x22dff]


siginfo: EXCEPTION_ACCESS_VIOLATION (0xc0000005), reading address 0x0000000001540198


Register to memory mapping:

RIP=0x00007ff86b49bc8a jvm.dll
RAX=0x0000000000000193 is an unknown value
RBX=0x00000237ffc17a69 points into unknown readable memory: 65 3b 00 70 6c 3b 00
RCX=0x0000000001540194 is an unknown value
RDX=0x000002379bf96d90 points into unknown readable memory: 0x6373762f6d6f634c | 4c 63 6f 6d 2f 76 73 63
RSP=0x000000cd163ff180 is pointing into the stack for thread: 0x00000237ffecf470
RBP=0x00000237ffe615f0 points into unknown readable memory: 0x0000000000000002 | 02 00 00 00 00 00 00 00
RSI=0x0 is NULL
RDI=0xffffffffffffffff is an unknown value
R8 =0x000000000000000b is an unknown value
R9 =0x000000000000003e is an unknown value
R10=0x0 is NULL
R11=0x000000cd163ff1a0 is pointing into the stack for thread: 0x00000237ffecf470
R12=0x000000cd163ff2d8 is pointing into the stack for thread: 0x00000237ffecf470
R13=0x0 is NULL
R14=0x0000000100956000 is a pointer to class: 
com.vscode.common.repo.DefaultRepoImpl {0x0000000100956008}
 - instance size:     5
 - klass size:        274
 - access:            public synchronized 
 - state:             fully_initialized
 - name:              'com/vscode/common/repo/DefaultRepoImpl'
 - super:             'org/springframework/data/jpa/repository/support/SimpleJpaRepository'
 - sub:               
 - arrays:            NULL
 - methods:           Array<T>(0x00000237a47aaa08)
 - method ordering:   Array<T>(0x00000237a47ab928)
 - default_methods:   Array<T>(0x00000237a47133c8)
 - default vtable indices:   Array<T>(0x00000237a47133d8)
 - local interfaces:  Array<T>(0x00000237a4710fe8)
 - trans. interfaces: Array<T>(0x00000237a4713350)
 - constants:         constant pool [475]/operands[21] {0x00000237a47c56c0} for 'com/vscode/common/repo/DefaultRepoImpl' cache=0x00000237a47c6710
 - class loader data:  loader data: 0x00000237969101f0 for instance a 'org/springframework/boot/devtools/restart/classloader/RestartClassLoader'{0x0000000083000990}
 - source file:       'DefaultRepoImpl.java'
 - source debug extension:       SMAP
DefaultRepoImpl.java
Java
*S jdt
*F
1 DefaultRepoImpl.java
2 file:/D:/Courses/workspace/Attendance%20System/com.vscode.attendance/target/classes/
*L
*E

 - class annotations:       Array<T>(0x0000000000000000)
 - class type annotations:  Array<T>(0x0000000000000000)
 - field annotations:       Array<T>(0x00000237a47aa9b8)
 - field type annotations:  Array<T>(0x0000000000000000)
 - generic signature: '
[error occurred during error reporting (printing register info), id 0xc0000005, EXCEPTION_ACCESS_VIOLATION (0xc0000005) at pc=0x00007ff86b49c896]

Registers:
RAX=0x0000000000000193, RBX=0x00000237ffc17a69, RCX=0x0000000001540194, RDX=0x000002379bf96d90
RSP=0x000000cd163ff180, RBP=0x00000237ffe615f0, RSI=0x0000000000000000, RDI=0xffffffffffffffff
R8 =0x000000000000000b, R9 =0x000000000000003e, R10=0x0000000000000000, R11=0x000000cd163ff1a0
R12=0x000000cd163ff2d8, R13=0x0000000000000000, R14=0x0000000100956000, R15=0x000000cd163ff300
RIP=0x00007ff86b49bc8a, EFLAGS=0x0000000000010202

Top of Stack: (sp=0x000000cd163ff180)
0x000000cd163ff180:   0000000000000026 0000000100956000
0x000000cd163ff190:   000002379bf97250 00007ff8f74b47b1
0x000000cd163ff1a0:   ffffffffffffffff 00007ff86b207e6c
0x000000cd163ff1b0:   00000237ffc17a69 00000237ffc17a40
0x000000cd163ff1c0:   00000237ffe615f0 0000000000000000
0x000000cd163ff1d0:   00000237ffc17a00 00000000000003d8
0x000000cd163ff1e0:   00000237ffc17a10 00000237ffc17de8
0x000000cd163ff1f0:   0000000000017d01 000000cd163ff2d8
0x000000cd163ff200:   0000000000000007 00000237ffecf718
0x000000cd163ff210:   00000000830019b0 00007ff86b1cf4d4
0x000000cd163ff220:   00000237ffecf470 000000cd163ff300
0x000000cd163ff230:   00000237fa1aae90 000000cd163ff300
0x000000cd163ff240:   00000237ffecf470 0000000000000000
0x000000cd163ff250:   0000000000000000 0000000000000000
0x000000cd163ff260:   00000237ffecd920 00007ff8dbd42dff
0x000000cd163ff270:   000000cd163ff2f8 00007ff8dbd51aa0 

Instructions: (pc=0x00007ff86b49bc8a)
0x00007ff86b49bb8a:   48 83 c4 20 5f e9 3c a2 90 ff cc cc cc cc cc cc
0x00007ff86b49bb9a:   cc cc cc cc cc cc 48 89 5c 24 08 57 48 83 ec 20
0x00007ff86b49bbaa:   83 fa 02 8d 42 06 b9 08 00 00 00 49 8b d8 0f 4e
0x00007ff86b49bbba:   c1 48 63 c8 48 83 c1 07 83 e1 f8 48 63 f9 49 8b
0x00007ff86b49bbca:   48 18 48 8b c7 48 f7 d0 48 3b c1 73 16 4c 8d 05
0x00007ff86b49bbda:   5a 55 17 00 48 8b d7 48 8b cb e8 47 05 91 ff 48
0x00007ff86b49bbea:   8b 4b 18 48 8d 04 39 48 3b 43 20 76 18 45 33 c0
0x00007ff86b49bbfa:   48 8b d7 48 8b cb 48 8b 5c 24 30 48 83 c4 20 5f
0x00007ff86b49bc0a:   e9 a1 01 91 ff 48 89 43 18 48 8b c1 48 8b 5c 24
0x00007ff86b49bc1a:   30 48 83 c4 20 5f c3 cc cc cc cc cc cc cc cc cc
0x00007ff86b49bc2a:   cc cc cc cc cc cc 4c 8b d2 4c 8b d9 45 85 c0 7e
0x00007ff86b49bc3a:   3c 44 0f b7 49 04 41 8d 40 ff 41 3b c1 44 0f 4c
0x00007ff86b49bc4a:   c8 4d 63 c1 45 85 c9 7e 1f 48 8b c2 4c 2b da 49
0x00007ff86b49bc5a:   8b d0 0f 1f 40 00 41 0f b6 4c 03 06 88 08 48 8d
0x00007ff86b49bc6a:   40 01 48 83 ea 01 75 ee 43 c6 04 10 00 49 8b c2
0x00007ff86b49bc7a:   c3 cc cc cc cc cc 48 89 5c 24 08 57 48 83 ec 20
0x00007ff86b49bc8a:   0f b7 59 04 48 8b f9 33 d2 48 8d 4b 01 e8 24 e8
0x00007ff86b49bc9a:   f2 ff 0f b7 57 04 4c 8b c0 3b da 0f 42 d3 44 8b
0x00007ff86b49bcaa:   ca 85 d2 74 39 48 2b f8 0f 1f 40 00 66 66 0f 1f
0x00007ff86b49bcba:   84 00 00 00 00 00 0f b6 4c 07 06 88 08 48 ff c0
0x00007ff86b49bcca:   48 8b c8 49 2b c8 49 3b c9 7c eb 42 c6 04 02 00
0x00007ff86b49bcda:   49 8b c0 48 8b 5c 24 30 48 83 c4 20 5f c3 48 8b
0x00007ff86b49bcea:   5c 24 30 c6 04 02 00 48 83 c4 20 5f c3 cc cc cc
0x00007ff86b49bcfa:   cc cc cc cc cc cc 4c 8b d1 45 85 c0 7e 6c 44 0f
0x00007ff86b49bd0a:   b7 49 04 41 8d 40 ff 41 3b c1 44 0f 4c c8 4d 63
0x00007ff86b49bd1a:   d9 45 85 c9 7e 22 48 8b ca 4c 2b d2 4d 8b c3 0f
0x00007ff86b49bd2a:   1f 80 00 00 00 00 41 0f b6 44 0a 06 88 01 48 8d
0x00007ff86b49bd3a:   49 01 49 83 e8 01 75 ee 41 c6 04 13 00 48 c7 c0
0x00007ff86b49bd4a:   ff ff ff ff 66 90 48 ff c0 80 3c 02 00 75 f7 48
0x00007ff86b49bd5a:   63 c8 85 c0 48 8b c2 7e 14 80 38 2f 75 03 c6 00
0x00007ff86b49bd6a:   2e 48 ff c0 48 83 e9 01 75 ef 48 8b c2 c3 cc cc
0x00007ff86b49bd7a:   cc cc cc cc cc cc 48 83 ec 28 e8 f7 fe ff ff 4c 


Stack slot to memory mapping:
stack at sp + 0 slots: 0x0000000000000026 is an unknown value
stack at sp + 1 slots: 0x0000000100956000 is a pointer to class: 
com.vscode.common.repo.DefaultRepoImpl {0x0000000100956008}
 - instance size:     5
 - klass size:        274
 - access:            public synchronized 
 - state:             fully_initialized
 - name:              'com/vscode/common/repo/DefaultRepoImpl'
 - super:             'org/springframework/data/jpa/repository/support/SimpleJpaRepository'
 - sub:               
 - arrays:            NULL
 - methods:           Array<T>(0x00000237a47aaa08)
 - method ordering:   Array<T>(0x00000237a47ab928)
 - default_methods:   Array<T>(0x00000237a47133c8)
 - default vtable indices:   Array<T>(0x00000237a47133d8)
 - local interfaces:  Array<T>(0x00000237a4710fe8)
 - trans. interfaces: Array<T>(0x00000237a4713350)
 - constants:         constant pool [475]/operands[21] {0x00000237a47c56c0} for 'com/vscode/common/repo/DefaultRepoImpl' cache=0x00000237a47c6710
 - class loader data:  loader data: 0x00000237969101f0 for instance a 'org/springframework/boot/devtools/restart/classloader/RestartClassLoader'{0x0000000083000990}
 - source file:       'DefaultRepoImpl.java'
 - source debug extension:       SMAP
DefaultRepoImpl.java
Java
*S jdt
*F
1 DefaultRepoImpl.java
2 file:/D:/Courses/workspace/Attendance%20System/com.vscode.attendance/target/classes/
*L
*E

 - class annotations:       Array<T>(0x0000000000000000)
 - class type annotations:  Array<T>(0x0000000000000000)
 - field annotations:       Array<T>(0x00000237a47aa9b8)
 - field type annotations:  Array<T>(0x0000000000000000)
 - generic signature: '
[error occurred during error reporting (inspecting top of stack), id 0xc0000005, EXCEPTION_ACCESS_VIOLATION (0xc0000005) at pc=0x00007ff86b49c896]


---------------  P R O C E S S  ---------------

Threads class SMR info:
_java_thread_list=0x000002379801d160, length=36, elements={
0x00000237ff1c1fa0, 0x00000237ff1c3090, 0x00000237ff21d010, 0x00000237ff21ead0,
0x00000237ffc03800, 0x00000237ffc051c0, 0x00000237ffc05ea0, 0x00000237ffc0f560,
0x00000237ffc15460, 0x00000237ffda8270, 0x00000237ffecf470, 0x00000237ffe64810,
0x00000237ffe64d00, 0x000002379575bcf0, 0x000002379670c7e0, 0x0000023797d2c890,
0x0000023797d2b080, 0x00000237a31c7f60, 0x00000237a31caab0, 0x00000237a31c9770,
0x00000237a31c6c20, 0x00000237a31cb920, 0x00000237a31ccc60, 0x00000237a31cc2c0,
0x00000237a31c8dd0, 0x00000237a31cc790, 0x00000237a31c8430, 0x00000237a31c8900,
0x00000237a31c92a0, 0x0000023797d2ea40, 0x0000023797d2f8b0, 0x0000023797d2d700,
0x0000023797d28530, 0x0000023797d28ed0, 0x0000023797d2e0a0, 0x0000023797d29d40
}

Java Threads: ( => current thread )
  0x00000237ff1c1fa0 JavaThread "Reference Handler" daemon [_thread_blocked, id=28904, stack(0x000000cd15900000,0x000000cd15a00000)]
  0x00000237ff1c3090 JavaThread "Finalizer" daemon [_thread_blocked, id=29092, stack(0x000000cd15a00000,0x000000cd15b00000)]
  0x00000237ff21d010 JavaThread "Signal Dispatcher" daemon [_thread_blocked, id=11148, stack(0x000000cd15b00000,0x000000cd15c00000)]
  0x00000237ff21ead0 JavaThread "Attach Listener" daemon [_thread_blocked, id=10836, stack(0x000000cd15c00000,0x000000cd15d00000)]
  0x00000237ffc03800 JavaThread "Service Thread" daemon [_thread_blocked, id=30244, stack(0x000000cd15d00000,0x000000cd15e00000)]
  0x00000237ffc051c0 JavaThread "Monitor Deflation Thread" daemon [_thread_blocked, id=27876, stack(0x000000cd15e00000,0x000000cd15f00000)]
  0x00000237ffc05ea0 JavaThread "C2 CompilerThread0" daemon [_thread_blocked, id=11584, stack(0x000000cd15f00000,0x000000cd16000000)]
  0x00000237ffc0f560 JavaThread "C1 CompilerThread0" daemon [_thread_blocked, id=5652, stack(0x000000cd16000000,0x000000cd16100000)]
  0x00000237ffc15460 JavaThread "Sweeper thread" daemon [_thread_blocked, id=22084, stack(0x000000cd16100000,0x000000cd16200000)]
  0x00000237ffda8270 JavaThread "Common-Cleaner" daemon [_thread_blocked, id=26732, stack(0x000000cd16200000,0x000000cd16300000)]
=>0x00000237ffecf470 JavaThread "JDWP Transport Listener: dt_socket" daemon [_thread_in_vm, id=30628, stack(0x000000cd16300000,0x000000cd16400000)]
  0x00000237ffe64810 JavaThread "JDWP Event Helper Thread" daemon [_thread_blocked, id=5840, stack(0x000000cd16400000,0x000000cd16500000)]
  0x00000237ffe64d00 JavaThread "JDWP Command Reader" daemon [_thread_in_native, id=24428, stack(0x000000cd16500000,0x000000cd16600000)]
  0x000002379575bcf0 JavaThread "Notification Thread" daemon [_thread_blocked, id=14900, stack(0x000000cd16700000,0x000000cd16800000)]
  0x000002379670c7e0 JavaThread "mysql-cj-abandoned-connection-cleanup" daemon [_thread_blocked, id=20156, stack(0x000000cd17700000,0x000000cd17800000)]
  0x0000023797d2c890 JavaThread "Live Reload Server" daemon [_thread_in_native, id=18716, stack(0x000000cd18100000,0x000000cd18200000)]
  0x0000023797d2b080 JavaThread "DestroyJavaVM" [_thread_blocked, id=28988, stack(0x000000cd15200000,0x000000cd15300000)]
  0x00000237a31c7f60 JavaThread "Catalina-utility-1" [_thread_blocked, id=11528, stack(0x000000cd17300000,0x000000cd17400000)]
  0x00000237a31caab0 JavaThread "Catalina-utility-2" [_thread_blocked, id=27224, stack(0x000000cd17500000,0x000000cd17600000)]
  0x00000237a31c9770 JavaThread "container-0" [_thread_blocked, id=24444, stack(0x000000cd17600000,0x000000cd17700000)]
  0x00000237a31c6c20 JavaThread "HikariPool-16 housekeeper" daemon [_thread_blocked, id=27036, stack(0x000000cd17800000,0x000000cd17900000)]
  0x00000237a31cb920 JavaThread "HikariPool-17 housekeeper" daemon [_thread_blocked, id=7656, stack(0x000000cd17a00000,0x000000cd17b00000)]
  0x00000237a31ccc60 JavaThread "HikariPool-18 housekeeper" daemon [_thread_blocked, id=20724, stack(0x000000cd17b00000,0x000000cd17c00000)]
  0x00000237a31cc2c0 JavaThread "File Watcher" daemon [_thread_blocked, id=11664, stack(0x000000cd17e00000,0x000000cd17f00000)]
  0x00000237a31c8dd0 JavaThread "http-nio-8080-exec-1" daemon [_thread_blocked, id=15032, stack(0x000000cd17f00000,0x000000cd18000000)]
  0x00000237a31cc790 JavaThread "http-nio-8080-exec-2" daemon [_thread_blocked, id=29524, stack(0x000000cd18000000,0x000000cd18100000)]
  0x00000237a31c8430 JavaThread "http-nio-8080-exec-3" daemon [_thread_blocked, id=16816, stack(0x000000cd18200000,0x000000cd18300000)]
  0x00000237a31c8900 JavaThread "http-nio-8080-exec-4" daemon [_thread_blocked, id=23152, stack(0x000000cd18300000,0x000000cd18400000)]
  0x00000237a31c92a0 JavaThread "http-nio-8080-exec-5" daemon [_thread_blocked, id=14556, stack(0x000000cd18400000,0x000000cd18500000)]
  0x0000023797d2ea40 JavaThread "http-nio-8080-exec-6" daemon [_thread_blocked, id=20544, stack(0x000000cd18500000,0x000000cd18600000)]
  0x0000023797d2f8b0 JavaThread "http-nio-8080-exec-7" daemon [_thread_blocked, id=3472, stack(0x000000cd18600000,0x000000cd18700000)]
  0x0000023797d2d700 JavaThread "http-nio-8080-exec-8" daemon [_thread_blocked, id=21720, stack(0x000000cd18700000,0x000000cd18800000)]
  0x0000023797d28530 JavaThread "http-nio-8080-exec-9" daemon [_thread_blocked, id=9784, stack(0x000000cd18800000,0x000000cd18900000)]
  0x0000023797d28ed0 JavaThread "http-nio-8080-exec-10" daemon [_thread_blocked, id=28084, stack(0x000000cd18900000,0x000000cd18a00000)]
  0x0000023797d2e0a0 JavaThread "http-nio-8080-Poller" daemon [_thread_in_native, id=22140, stack(0x000000cd18a00000,0x000000cd18b00000)]
  0x0000023797d29d40 JavaThread "http-nio-8080-Acceptor" daemon [_thread_in_native, id=2392, stack(0x000000cd18b00000,0x000000cd18c00000)]

Other Threads:
  0x00000237ff1e0030 VMThread "VM Thread" [stack: 0x000000cd15800000,0x000000cd15900000] [id=27976]
  0x00000237fa21ac90 WatcherThread [stack: 0x000000cd16800000,0x000000cd16900000] [id=23088]
  0x00000237fa1fd4f0 GCTaskThread "GC Thread#0" [stack: 0x000000cd15300000,0x000000cd15400000] [id=12616]
  0x00000237964e1d10 GCTaskThread "GC Thread#1" [stack: 0x000000cd16a00000,0x000000cd16b00000] [id=11020]
  0x0000023795a587f0 GCTaskThread "GC Thread#2" [stack: 0x000000cd16b00000,0x000000cd16c00000] [id=23580]
  0x00000237956e2af0 GCTaskThread "GC Thread#3" [stack: 0x000000cd16c00000,0x000000cd16d00000] [id=3564]
  0x00000237959fa4d0 GCTaskThread "GC Thread#4" [stack: 0x000000cd16d00000,0x000000cd16e00000] [id=1080]
  0x000002379592b660 GCTaskThread "GC Thread#5" [stack: 0x000000cd16e00000,0x000000cd16f00000] [id=23644]
  0x000002379592b910 GCTaskThread "GC Thread#6" [stack: 0x000000cd16f00000,0x000000cd17000000] [id=30600]
  0x000002379667f930 GCTaskThread "GC Thread#7" [stack: 0x000000cd17000000,0x000000cd17100000] [id=25616]
  0x00000237fa20e0b0 ConcurrentGCThread "G1 Main Marker" [stack: 0x000000cd15400000,0x000000cd15500000] [id=24308]
  0x00000237fa20f260 ConcurrentGCThread "G1 Conc#0" [stack: 0x000000cd15500000,0x000000cd15600000] [id=15036]
  0x0000023799816e80 ConcurrentGCThread "G1 Conc#1" [stack: 0x000000cd17400000,0x000000cd17500000] [id=28844]
  0x00000237ff030090 ConcurrentGCThread "G1 Refine#0" [stack: 0x000000cd15600000,0x000000cd15700000] [id=4956]
  0x00000237ff030ab0 ConcurrentGCThread "G1 Service" [stack: 0x000000cd15700000,0x000000cd15800000] [id=26104]

Threads with active compile tasks:

VM state: not at safepoint (normal execution)

VM Mutex/Monitor currently owned by a thread: None

Heap address: 0x0000000081c00000, size: 2020 MB, Compressed Oops mode: 32-bit

CDS archive(s) not mapped
Compressed class space mapped at: 0x0000000100000000-0x0000000140000000, reserved size: 1073741824
Narrow klass base: 0x0000000000000000, Narrow klass shift: 3, Narrow klass range: 0x140000000

GC Precious Log:
 CPUs: 8 total, 8 available
 Memory: 8078M
 Large Page Support: Disabled
 NUMA Support: Disabled
 Compressed Oops: Enabled (32-bit)
 Heap Region Size: 1M
 Heap Min Capacity: 8M
 Heap Initial Capacity: 128M
 Heap Max Capacity: 2020M
 Pre-touch: Disabled
 Parallel Workers: 8
 Concurrent Workers: 2
 Concurrent Refinement Workers: 8
 Periodic GC: Disabled

Heap:
 garbage-first heap   total 89088K, used 50315K [0x0000000081c00000, 0x0000000100000000)
  region size 1024K, 24 young (24576K), 4 survivors (4096K)
 Metaspace       used 78490K, committed 79040K, reserved 1122304K
  class space    used 9411K, committed 9664K, reserved 1048576K

Heap Regions: E=young(eden), S=young(survivor), O=old, HS=humongous(starts), HC=humongous(continues), CS=collection set, F=free, OA=open archive, CA=closed archive, TAMS=top-at-mark-start (previous, next)
|   0|0x0000000081c00000, 0x0000000081d00000, 0x0000000081d00000|100%|HS|  |TAMS 0x0000000081d00000, 0x0000000081c00000| Untracked 
|   1|0x0000000081d00000, 0x0000000081dffff0, 0x0000000081e00000| 99%| O|  |TAMS 0x0000000081dffff0, 0x0000000081d00000| Untracked 
|   2|0x0000000081e00000, 0x0000000081f00000, 0x0000000081f00000|100%| O|  |TAMS 0x0000000081f00000, 0x0000000081e00000| Untracked 
|   3|0x0000000081f00000, 0x0000000081fffff0, 0x0000000082000000| 99%| O|  |TAMS 0x0000000081fffff0, 0x0000000081f00000| Untracked 
|   4|0x0000000082000000, 0x00000000820ffff0, 0x0000000082100000| 99%| O|  |TAMS 0x00000000820ffff0, 0x0000000082000000| Untracked 
|   5|0x0000000082100000, 0x0000000082200000, 0x0000000082200000|100%| O|  |TAMS 0x0000000082200000, 0x0000000082100000| Untracked 
|   6|0x0000000082200000, 0x0000000082300000, 0x0000000082300000|100%| O|  |TAMS 0x0000000082300000, 0x0000000082200000| Untracked 
|   7|0x0000000082300000, 0x0000000082400000, 0x0000000082400000|100%| O|  |TAMS 0x0000000082400000, 0x0000000082300000| Untracked 
|   8|0x0000000082400000, 0x00000000824fffd0, 0x0000000082500000| 99%| O|  |TAMS 0x00000000824fffd0, 0x0000000082400000| Untracked 
|   9|0x0000000082500000, 0x00000000825fffe8, 0x0000000082600000| 99%| O|  |TAMS 0x00000000825fffe8, 0x0000000082500000| Untracked 
|  10|0x0000000082600000, 0x0000000082700000, 0x0000000082700000|100%| O|  |TAMS 0x0000000082600000, 0x0000000082600000| Untracked 
|  11|0x0000000082700000, 0x0000000082800000, 0x0000000082800000|100%| O|  |TAMS 0x0000000082800000, 0x0000000082700000| Untracked 
|  12|0x0000000082800000, 0x00000000828fffd0, 0x0000000082900000| 99%| O|  |TAMS 0x0000000082800000, 0x0000000082800000| Untracked 
|  13|0x0000000082900000, 0x00000000829ffff8, 0x0000000082a00000| 99%| O|  |TAMS 0x00000000829ffff8, 0x0000000082900000| Untracked 
|  14|0x0000000082a00000, 0x0000000082afffe8, 0x0000000082b00000| 99%| O|  |TAMS 0x0000000082afffe8, 0x0000000082a00000| Untracked 
|  15|0x0000000082b00000, 0x0000000082bffce0, 0x0000000082c00000| 99%| O|  |TAMS 0x0000000082b00000, 0x0000000082b00000| Untracked 
|  16|0x0000000082c00000, 0x0000000082cffff0, 0x0000000082d00000| 99%| O|  |TAMS 0x0000000082cffff0, 0x0000000082c00000| Untracked 
|  17|0x0000000082d00000, 0x0000000082dffbc8, 0x0000000082e00000| 99%| O|  |TAMS 0x0000000082d00000, 0x0000000082d00000| Untracked 
|  18|0x0000000082e00000, 0x0000000082effff0, 0x0000000082f00000| 99%| O|  |TAMS 0x0000000082e00000, 0x0000000082e00000| Untracked 
|  19|0x0000000082f00000, 0x0000000082feaa50, 0x0000000083000000| 91%| O|  |TAMS 0x0000000082f00000, 0x0000000082f00000| Untracked 
|  20|0x0000000083000000, 0x0000000083100000, 0x0000000083100000|100%| O|  |TAMS 0x0000000083000000, 0x0000000083000000| Untracked 
|  21|0x0000000083100000, 0x00000000831fffe0, 0x0000000083200000| 99%| O|  |TAMS 0x0000000083100000, 0x0000000083100000| Untracked 
|  22|0x0000000083200000, 0x00000000832c8fd0, 0x0000000083300000| 78%| O|  |TAMS 0x0000000083200000, 0x0000000083200000| Untracked 
|  23|0x0000000083300000, 0x0000000083400000, 0x0000000083400000|100%| O|  |TAMS 0x0000000083300000, 0x0000000083300000| Untracked 
|  24|0x0000000083400000, 0x00000000834fec80, 0x0000000083500000| 99%| O|  |TAMS 0x0000000083400000, 0x0000000083400000| Untracked 
|  25|0x0000000083500000, 0x00000000835a1640, 0x0000000083600000| 63%| O|  |TAMS 0x0000000083500000, 0x0000000083500000| Untracked 
|  26|0x0000000083600000, 0x0000000083649800, 0x0000000083700000| 28%| O|  |TAMS 0x0000000083600000, 0x0000000083600000| Untracked 
|  27|0x0000000083700000, 0x0000000083700000, 0x0000000083800000|  0%| F|  |TAMS 0x0000000083700000, 0x0000000083700000| Untracked 
|  28|0x0000000083800000, 0x0000000083800000, 0x0000000083900000|  0%| F|  |TAMS 0x0000000083800000, 0x0000000083800000| Untracked 
|  29|0x0000000083900000, 0x0000000083900000, 0x0000000083a00000|  0%| F|  |TAMS 0x0000000083900000, 0x0000000083900000| Untracked 
|  30|0x0000000083a00000, 0x0000000083a00000, 0x0000000083b00000|  0%| F|  |TAMS 0x0000000083a00000, 0x0000000083a00000| Untracked 
|  31|0x0000000083b00000, 0x0000000083b00000, 0x0000000083c00000|  0%| F|  |TAMS 0x0000000083b00000, 0x0000000083b00000| Untracked 
|  32|0x0000000083c00000, 0x0000000083c7b1b8, 0x0000000083d00000| 48%| O|  |TAMS 0x0000000083c00000, 0x0000000083c00000| Untracked 
|  33|0x0000000083d00000, 0x0000000083d00000, 0x0000000083e00000|  0%| F|  |TAMS 0x0000000083d00000, 0x0000000083d00000| Untracked 
|  34|0x0000000083e00000, 0x0000000083e00000, 0x0000000083f00000|  0%| F|  |TAMS 0x0000000083e00000, 0x0000000083e00000| Untracked 
|  35|0x0000000083f00000, 0x0000000083f00000, 0x0000000084000000|  0%| F|  |TAMS 0x0000000083f00000, 0x0000000083f00000| Untracked 
|  36|0x0000000084000000, 0x0000000084000000, 0x0000000084100000|  0%| F|  |TAMS 0x0000000084000000, 0x0000000084000000| Untracked 
|  37|0x0000000084100000, 0x0000000084100000, 0x0000000084200000|  0%| F|  |TAMS 0x0000000084100000, 0x0000000084100000| Untracked 
|  38|0x0000000084200000, 0x0000000084200000, 0x0000000084300000|  0%| F|  |TAMS 0x0000000084200000, 0x0000000084200000| Untracked 
|  39|0x0000000084300000, 0x0000000084300000, 0x0000000084400000|  0%| F|  |TAMS 0x0000000084300000, 0x0000000084300000| Untracked 
|  40|0x0000000084400000, 0x000000008443e1d8, 0x0000000084500000| 24%| O|  |TAMS 0x0000000084400000, 0x0000000084400000| Untracked 
|  41|0x0000000084500000, 0x00000000845ccc00, 0x0000000084600000| 79%| S|CS|TAMS 0x0000000084500000, 0x0000000084500000| Complete 
|  42|0x0000000084600000, 0x0000000084700000, 0x0000000084700000|100%| S|CS|TAMS 0x0000000084600000, 0x0000000084600000| Complete 
|  43|0x0000000084700000, 0x0000000084800000, 0x0000000084800000|100%| S|CS|TAMS 0x0000000084700000, 0x0000000084700000| Complete 
|  44|0x0000000084800000, 0x0000000084900000, 0x0000000084900000|100%| S|CS|TAMS 0x0000000084800000, 0x0000000084800000| Complete 
|  45|0x0000000084900000, 0x0000000084900000, 0x0000000084a00000|  0%| F|  |TAMS 0x0000000084900000, 0x0000000084900000| Untracked 
|  46|0x0000000084a00000, 0x0000000084a00000, 0x0000000084b00000|  0%| F|  |TAMS 0x0000000084a00000, 0x0000000084a00000| Untracked 
|  47|0x0000000084b00000, 0x0000000084b00000, 0x0000000084c00000|  0%| F|  |TAMS 0x0000000084b00000, 0x0000000084b00000| Untracked 
|  48|0x0000000084c00000, 0x0000000084c00000, 0x0000000084d00000|  0%| F|  |TAMS 0x0000000084c00000, 0x0000000084c00000| Untracked 
|  49|0x0000000084d00000, 0x0000000084d00000, 0x0000000084e00000|  0%| F|  |TAMS 0x0000000084d00000, 0x0000000084d00000| Untracked 
|  50|0x0000000084e00000, 0x0000000084e00000, 0x0000000084f00000|  0%| F|  |TAMS 0x0000000084e00000, 0x0000000084e00000| Untracked 
|  51|0x0000000084f00000, 0x0000000084f00000, 0x0000000085000000|  0%| F|  |TAMS 0x0000000084f00000, 0x0000000084f00000| Untracked 
|  52|0x0000000085000000, 0x0000000085000000, 0x0000000085100000|  0%| F|  |TAMS 0x0000000085000000, 0x0000000085000000| Untracked 
|  53|0x0000000085100000, 0x0000000085100000, 0x0000000085200000|  0%| F|  |TAMS 0x0000000085100000, 0x0000000085100000| Untracked 
|  54|0x0000000085200000, 0x0000000085200000, 0x0000000085300000|  0%| F|  |TAMS 0x0000000085200000, 0x0000000085200000| Untracked 
|  55|0x0000000085300000, 0x0000000085300000, 0x0000000085400000|  0%| F|  |TAMS 0x0000000085300000, 0x0000000085300000| Untracked 
|  56|0x0000000085400000, 0x0000000085400000, 0x0000000085500000|  0%| F|  |TAMS 0x0000000085400000, 0x0000000085400000| Untracked 
|  57|0x0000000085500000, 0x0000000085500000, 0x0000000085600000|  0%| F|  |TAMS 0x0000000085500000, 0x0000000085500000| Untracked 
|  58|0x0000000085600000, 0x0000000085600000, 0x0000000085700000|  0%| F|  |TAMS 0x0000000085600000, 0x0000000085600000| Untracked 
|  59|0x0000000085700000, 0x0000000085700000, 0x0000000085800000|  0%| F|  |TAMS 0x0000000085700000, 0x0000000085700000| Untracked 
|  60|0x0000000085800000, 0x0000000085800000, 0x0000000085900000|  0%| F|  |TAMS 0x0000000085800000, 0x0000000085800000| Untracked 
|  61|0x0000000085900000, 0x0000000085900000, 0x0000000085a00000|  0%| F|  |TAMS 0x0000000085900000, 0x0000000085900000| Untracked 
|  62|0x0000000085a00000, 0x0000000085a00000, 0x0000000085b00000|  0%| F|  |TAMS 0x0000000085a00000, 0x0000000085a00000| Untracked 
|  63|0x0000000085b00000, 0x0000000085b00000, 0x0000000085c00000|  0%| F|  |TAMS 0x0000000085b00000, 0x0000000085b00000| Untracked 
|  64|0x0000000085c00000, 0x0000000085c00000, 0x0000000085d00000|  0%| F|  |TAMS 0x0000000085c00000, 0x0000000085c00000| Untracked 
|  65|0x0000000085d00000, 0x0000000085d00000, 0x0000000085e00000|  0%| F|  |TAMS 0x0000000085d00000, 0x0000000085d00000| Untracked 
|  66|0x0000000085e00000, 0x0000000085e00000, 0x0000000085f00000|  0%| F|  |TAMS 0x0000000085e00000, 0x0000000085e00000| Untracked 
|  67|0x0000000085f00000, 0x0000000085f02490, 0x0000000086000000|  0%| E|  |TAMS 0x0000000085f00000, 0x0000000085f00000| Complete 
|  68|0x0000000086000000, 0x0000000086100000, 0x0000000086100000|100%| E|CS|TAMS 0x0000000086000000, 0x0000000086000000| Complete 
|  69|0x0000000086100000, 0x0000000086200000, 0x0000000086200000|100%| E|CS|TAMS 0x0000000086100000, 0x0000000086100000| Complete 
|  70|0x0000000086200000, 0x0000000086300000, 0x0000000086300000|100%| E|CS|TAMS 0x0000000086200000, 0x0000000086200000| Complete 
|  71|0x0000000086300000, 0x0000000086400000, 0x0000000086400000|100%| E|CS|TAMS 0x0000000086300000, 0x0000000086300000| Complete 
|  72|0x0000000086400000, 0x0000000086500000, 0x0000000086500000|100%| E|CS|TAMS 0x0000000086400000, 0x0000000086400000| Complete 
|  73|0x0000000086500000, 0x0000000086600000, 0x0000000086600000|100%| E|CS|TAMS 0x0000000086500000, 0x0000000086500000| Complete 
|  74|0x0000000086600000, 0x0000000086700000, 0x0000000086700000|100%| E|CS|TAMS 0x0000000086600000, 0x0000000086600000| Complete 
|  75|0x0000000086700000, 0x0000000086800000, 0x0000000086800000|100%| E|CS|TAMS 0x0000000086700000, 0x0000000086700000| Complete 
|  76|0x0000000086800000, 0x0000000086900000, 0x0000000086900000|100%| E|CS|TAMS 0x0000000086800000, 0x0000000086800000| Complete 
|  77|0x0000000086900000, 0x0000000086a00000, 0x0000000086a00000|100%| E|CS|TAMS 0x0000000086900000, 0x0000000086900000| Complete 
|  78|0x0000000086a00000, 0x0000000086b00000, 0x0000000086b00000|100%| E|CS|TAMS 0x0000000086a00000, 0x0000000086a00000| Complete 
|  79|0x0000000086b00000, 0x0000000086c00000, 0x0000000086c00000|100%| E|CS|TAMS 0x0000000086b00000, 0x0000000086b00000| Complete 
|  80|0x0000000086c00000, 0x0000000086d00000, 0x0000000086d00000|100%| E|CS|TAMS 0x0000000086c00000, 0x0000000086c00000| Complete 
|  81|0x0000000086d00000, 0x0000000086e00000, 0x0000000086e00000|100%| E|CS|TAMS 0x0000000086d00000, 0x0000000086d00000| Complete 
|  82|0x0000000086e00000, 0x0000000086f00000, 0x0000000086f00000|100%| E|CS|TAMS 0x0000000086e00000, 0x0000000086e00000| Complete 
|  83|0x0000000086f00000, 0x0000000087000000, 0x0000000087000000|100%| E|CS|TAMS 0x0000000086f00000, 0x0000000086f00000| Complete 
|  84|0x0000000087000000, 0x0000000087100000, 0x0000000087100000|100%| E|CS|TAMS 0x0000000087000000, 0x0000000087000000| Complete 
|  85|0x0000000087100000, 0x0000000087200000, 0x0000000087200000|100%| E|CS|TAMS 0x0000000087100000, 0x0000000087100000| Complete 
|  86|0x0000000087200000, 0x0000000087300000, 0x0000000087300000|100%| E|CS|TAMS 0x0000000087200000, 0x0000000087200000| Complete 

Card table byte_map: [0x00000237fdfa0000,0x00000237fe3a0000] _byte_map_base: 0x00000237fdb92000

Marking Bits (Prev, Next): (CMBitMap*) 0x00000237fa1fdb00, (CMBitMap*) 0x00000237fa1fdb40
 Prev Bits: [0x000002378f000000, 0x0000023790f90000)
 Next Bits: [0x0000023790f90000, 0x0000023792f20000)

Polling page: 0x00000237f9990000

Metaspace:

Usage:
  Non-class:     67.46 MB used.
      Class:      9.19 MB used.
       Both:     76.65 MB used.

Virtual space:
  Non-class space:       72.00 MB reserved,      67.75 MB ( 94%) committed,  9 nodes.
      Class space:        1.00 GB reserved,       9.44 MB ( <1%) committed,  1 nodes.
             Both:        1.07 GB reserved,      77.19 MB (  7%) committed. 

Chunk freelists:
   Non-Class:  208.00 KB
       Class:  2.58 MB
        Both:  2.78 MB

MaxMetaspaceSize: unlimited
CompressedClassSpaceSize: 1.00 GB
Initial GC threshold: 21.00 MB
Current GC threshold: 127.12 MB
CDS: off
MetaspaceReclaimPolicy: balanced
 - commit_granule_bytes: 65536.
 - commit_granule_words: 8192.
 - virtual_space_node_default_size: 1048576.
 - enlarge_chunks_in_place: 1.
 - new_chunks_are_fully_committed: 0.
 - uncommit_free_chunks: 1.
 - use_allocation_guard: 0.
 - handle_deallocations: 1.


Internal statistics:

num_allocs_failed_limit: 11.
num_arena_births: 830.
num_arena_deaths: 112.
num_vsnodes_births: 10.
num_vsnodes_deaths: 0.
num_space_committed: 1235.
num_space_uncommitted: 0.
num_chunks_returned_to_freelist: 154.
num_chunks_taken_from_freelist: 3567.
num_chunk_merges: 39.
num_chunk_splits: 2242.
num_chunks_enlarged: 1563.
num_purges: 10.
num_inconsistent_stats: 0.

CodeHeap 'non-profiled nmethods': size=120000Kb used=8549Kb max_used=8793Kb free=111450Kb
 bounds [0x0000023787ad0000, 0x0000023788370000, 0x000002378f000000]
CodeHeap 'profiled nmethods': size=120000Kb used=17581Kb max_used=19622Kb free=102418Kb
 bounds [0x00000237805a0000, 0x00000237818d0000, 0x0000023787ad0000]
CodeHeap 'non-nmethods': size=5760Kb used=1396Kb max_used=1513Kb free=4364Kb
 bounds [0x0000023780000000, 0x0000023780270000, 0x00000237805a0000]
 total_blobs=10319 nmethods=9665 adapters=565
 compilation: enabled
              stopped_count=0, restarted_count=0
 full_count=0

Compilation events (20 events):
Event: 2432.945 Thread 0x00000237ffc0f560 12021       3       java.lang.reflect.Field::set (30 bytes)
Event: 2432.946 Thread 0x00000237ffc0f560 nmethod 12021 0x000002378106f490 code [0x000002378106f660, 0x000002378106fa58]
Event: 2442.841 Thread 0x00000237ffc05ea0 12022       4       jdk.internal.org.objectweb.asm.MethodWriter::<init> (232 bytes)
Event: 2442.863 Thread 0x00000237ffc05ea0 nmethod 12022 0x0000023787ef8990 code [0x0000023787ef8be0, 0x0000023787efaa70]
Event: 2442.883 Thread 0x00000237ffc0f560 12023       3       com.fasterxml.jackson.databind.introspect.AnnotatedClass::getAnnotation (11 bytes)
Event: 2442.883 Thread 0x00000237ffc0f560 nmethod 12023 0x00000237805a4190 code [0x00000237805a4340, 0x00000237805a4528]
Event: 2442.883 Thread 0x00000237ffc0f560 12025       3       org.springframework.util.MimeType::isWildcardType (10 bytes)
Event: 2442.884 Thread 0x00000237ffc0f560 nmethod 12025 0x0000023780646910 code [0x0000023780646ac0, 0x0000023780646ca8]
Event: 2442.884 Thread 0x00000237ffc0f560 12024       1       org.springframework.util.MimeType::getParameters (5 bytes)
Event: 2442.884 Thread 0x00000237ffc0f560 nmethod 12024 0x0000023787b74510 code [0x0000023787b746a0, 0x0000023787b74778]
Event: 2442.884 Thread 0x00000237ffc0f560 12026   !   3       java.io.StringReader::mark (44 bytes)
Event: 2442.884 Thread 0x00000237ffc0f560 nmethod 12026 0x0000023780680010 code [0x0000023780680200, 0x0000023780680698]
Event: 2442.884 Thread 0x00000237ffc0f560 12027       1       org.apache.tomcat.util.buf.ByteChunk::getBuffer (5 bytes)
Event: 2442.884 Thread 0x00000237ffc0f560 nmethod 12027 0x0000023787b74210 code [0x0000023787b743a0, 0x0000023787b74478]
Event: 2442.884 Thread 0x00000237ffc0f560 12028       1       org.hibernate.internal.AbstractSharedSessionContract::getJdbcCoordinator (5 bytes)
Event: 2442.884 Thread 0x00000237ffc0f560 nmethod 12028 0x0000023787b73f10 code [0x0000023787b740a0, 0x0000023787b74178]
Event: 2442.884 Thread 0x00000237ffc05ea0 12029       4       org.springframework.core.ResolvableType::<init> (47 bytes)
Event: 2442.886 Thread 0x00000237ffc05ea0 nmethod 12029 0x0000023787b73910 code [0x0000023787b73a80, 0x0000023787b73e58]
Event: 2464.862 Thread 0x00000237ffc0f560 12030       3       java.util.TreeSet::<init> (13 bytes)
Event: 2464.863 Thread 0x00000237ffc0f560 nmethod 12030 0x000002378085d710 code [0x000002378085d8e0, 0x000002378085dd98]

GC Heap History (20 events):
Event: 2384.195 GC heap before
{Heap before GC invocations=44 (full 3):
 garbage-first heap   total 110592K, used 35310K [0x0000000081c00000, 0x0000000100000000)
  region size 1024K, 6 young (6144K), 4 survivors (4096K)
 Metaspace       used 76695K, committed 77184K, reserved 1122304K
  class space    used 9285K, committed 9536K, reserved 1048576K
}
Event: 2384.240 GC heap after
{Heap after GC invocations=45 (full 4):
 garbage-first heap   total 86016K, used 22289K [0x0000000081c00000, 0x0000000100000000)
  region size 1024K, 0 young (0K), 0 survivors (0K)
 Metaspace       used 76576K, committed 77184K, reserved 1122304K
  class space    used 9261K, committed 9536K, reserved 1048576K
}
Event: 2385.011 GC heap before
{Heap before GC invocations=45 (full 4):
 garbage-first heap   total 86016K, used 68369K [0x0000000081c00000, 0x0000000100000000)
  region size 1024K, 46 young (47104K), 0 survivors (0K)
 Metaspace       used 76852K, committed 77376K, reserved 1122304K
  class space    used 9300K, committed 9536K, reserved 1048576K
}
Event: 2385.014 GC heap after
{Heap after GC invocations=46 (full 4):
 garbage-first heap   total 86016K, used 26067K [0x0000000081c00000, 0x0000000100000000)
  region size 1024K, 4 young (4096K), 4 survivors (4096K)
 Metaspace       used 76852K, committed 77376K, reserved 1122304K
  class space    used 9300K, committed 9536K, reserved 1048576K
}
Event: 2385.126 GC heap before
{Heap before GC invocations=46 (full 4):
 garbage-first heap   total 86016K, used 67027K [0x0000000081c00000, 0x0000000100000000)
  region size 1024K, 45 young (46080K), 4 survivors (4096K)
 Metaspace       used 76896K, committed 77440K, reserved 1122304K
  class space    used 9303K, committed 9536K, reserved 1048576K
}
Event: 2385.128 GC heap after
{Heap after GC invocations=47 (full 4):
 garbage-first heap   total 86016K, used 26432K [0x0000000081c00000, 0x0000000100000000)
  region size 1024K, 1 young (1024K), 1 survivors (1024K)
 Metaspace       used 76896K, committed 77440K, reserved 1122304K
  class space    used 9303K, committed 9536K, reserved 1048576K
}
Event: 2385.442 GC heap before
{Heap before GC invocations=47 (full 4):
 garbage-first heap   total 86016K, used 67392K [0x0000000081c00000, 0x0000000100000000)
  region size 1024K, 41 young (41984K), 1 survivors (1024K)
 Metaspace       used 77098K, committed 77568K, reserved 1122304K
  class space    used 9310K, committed 9536K, reserved 1048576K
}
Event: 2385.446 GC heap after
{Heap after GC invocations=48 (full 4):
 garbage-first heap   total 86016K, used 27779K [0x0000000081c00000, 0x0000000100000000)
  region size 1024K, 3 young (3072K), 3 survivors (3072K)
 Metaspace       used 77098K, committed 77568K, reserved 1122304K
  class space    used 9310K, committed 9536K, reserved 1048576K
}
Event: 2386.045 GC heap before
{Heap before GC invocations=48 (full 4):
 garbage-first heap   total 86016K, used 66691K [0x0000000081c00000, 0x0000000100000000)
  region size 1024K, 41 young (41984K), 3 survivors (3072K)
 Metaspace       used 77276K, committed 77760K, reserved 1122304K
  class space    used 9318K, committed 9536K, reserved 1048576K
}
Event: 2386.051 GC heap after
{Heap after GC invocations=49 (full 4):
 garbage-first heap   total 209920K, used 29528K [0x0000000081c00000, 0x0000000100000000)
  region size 1024K, 4 young (4096K), 4 survivors (4096K)
 Metaspace       used 77276K, committed 77760K, reserved 1122304K
  class space    used 9318K, committed 9536K, reserved 1048576K
}
Event: 2423.846 GC heap before
{Heap before GC invocations=49 (full 4):
 garbage-first heap   total 209920K, used 65368K [0x0000000081c00000, 0x0000000100000000)
  region size 1024K, 40 young (40960K), 4 survivors (4096K)
 Metaspace       used 77556K, committed 78080K, reserved 1122304K
  class space    used 9341K, committed 9600K, reserved 1048576K
}
Event: 2423.915 GC heap after
{Heap after GC invocations=50 (full 5):
 garbage-first heap   total 89088K, used 24626K [0x0000000081c00000, 0x0000000100000000)
  region size 1024K, 0 young (0K), 0 survivors (0K)
 Metaspace       used 77535K, committed 78080K, reserved 1122304K
  class space    used 9338K, committed 9600K, reserved 1048576K
}
Event: 2424.733 GC heap before
{Heap before GC invocations=50 (full 5):
 garbage-first heap   total 89088K, used 70706K [0x0000000081c00000, 0x0000000100000000)
  region size 1024K, 46 young (47104K), 0 survivors (0K)
 Metaspace       used 77791K, committed 78336K, reserved 1122304K
  class space    used 9362K, committed 9600K, reserved 1048576K
}
Event: 2424.738 GC heap after
{Heap after GC invocations=51 (full 5):
 garbage-first heap   total 89088K, used 27285K [0x0000000081c00000, 0x0000000100000000)
  region size 1024K, 3 young (3072K), 3 survivors (3072K)
 Metaspace       used 77791K, committed 78336K, reserved 1122304K
  class space    used 9362K, committed 9600K, reserved 1048576K
}
Event: 2425.022 GC heap before
{Heap before GC invocations=51 (full 5):
 garbage-first heap   total 89088K, used 70293K [0x0000000081c00000, 0x0000000100000000)
  region size 1024K, 46 young (47104K), 3 survivors (3072K)
 Metaspace       used 77905K, committed 78400K, reserved 1122304K
  class space    used 9369K, committed 9600K, reserved 1048576K
}
Event: 2425.027 GC heap after
{Heap after GC invocations=52 (full 5):
 garbage-first heap   total 89088K, used 27644K [0x0000000081c00000, 0x0000000100000000)
  region size 1024K, 3 young (3072K), 3 survivors (3072K)
 Metaspace       used 77905K, committed 78400K, reserved 1122304K
  class space    used 9369K, committed 9600K, reserved 1048576K
}
Event: 2425.254 GC heap before
{Heap before GC invocations=52 (full 5):
 garbage-first heap   total 89088K, used 72700K [0x0000000081c00000, 0x0000000100000000)
  region size 1024K, 47 young (48128K), 3 survivors (3072K)
 Metaspace       used 78145K, committed 78656K, reserved 1122304K
  class space    used 9378K, committed 9600K, reserved 1048576K
}
Event: 2425.257 GC heap after
{Heap after GC invocations=53 (full 5):
 garbage-first heap   total 89088K, used 29480K [0x0000000081c00000, 0x0000000100000000)
  region size 1024K, 5 young (5120K), 5 survivors (5120K)
 Metaspace       used 78145K, committed 78656K, reserved 1122304K
  class space    used 9378K, committed 9600K, reserved 1048576K
}
Event: 2425.407 GC heap before
{Heap before GC invocations=53 (full 5):
 garbage-first heap   total 89088K, used 72488K [0x0000000081c00000, 0x0000000100000000)
  region size 1024K, 47 young (48128K), 5 survivors (5120K)
 Metaspace       used 78308K, committed 78912K, reserved 1122304K
  class space    used 9390K, committed 9664K, reserved 1048576K
}
Event: 2425.412 GC heap after
{Heap after GC invocations=54 (full 5):
 garbage-first heap   total 89088K, used 30859K [0x0000000081c00000, 0x0000000100000000)
  region size 1024K, 4 young (4096K), 4 survivors (4096K)
 Metaspace       used 78308K, committed 78912K, reserved 1122304K
  class space    used 9390K, committed 9664K, reserved 1048576K
}

Deoptimization events (20 events):
Event: 2442.838 Thread 0x00000237a31c8dd0 DEOPT PACKING pc=0x0000023780a6a34c sp=0x000000cd17ffbc80
Event: 2442.838 Thread 0x00000237a31c8dd0 DEOPT UNPACKING pc=0x0000023780052b43 sp=0x000000cd17ffb218 mode 1
Event: 2442.838 Thread 0x00000237a31c8dd0 DEOPT PACKING pc=0x0000023780a66dec sp=0x000000cd17ffbdd0
Event: 2442.838 Thread 0x00000237a31c8dd0 DEOPT UNPACKING pc=0x0000023780052b43 sp=0x000000cd17ffb390 mode 1
Event: 2442.838 Thread 0x00000237a31c8dd0 DEOPT PACKING pc=0x0000023780a6b981 sp=0x000000cd17ffbc70
Event: 2442.838 Thread 0x00000237a31c8dd0 DEOPT UNPACKING pc=0x0000023780052b43 sp=0x000000cd17ffb148 mode 1
Event: 2442.838 Thread 0x00000237a31c8dd0 DEOPT PACKING pc=0x0000023780a6a34c sp=0x000000cd17ffbd00
Event: 2442.838 Thread 0x00000237a31c8dd0 DEOPT UNPACKING pc=0x0000023780052b43 sp=0x000000cd17ffb298 mode 1
Event: 2442.838 Thread 0x00000237a31c8dd0 DEOPT PACKING pc=0x0000023780a66dec sp=0x000000cd17ffbe50
Event: 2442.838 Thread 0x00000237a31c8dd0 DEOPT UNPACKING pc=0x0000023780052b43 sp=0x000000cd17ffb410 mode 1
Event: 2442.840 Thread 0x00000237a31c8dd0 DEOPT PACKING pc=0x0000023780a6b981 sp=0x000000cd17ffba70
Event: 2442.840 Thread 0x00000237a31c8dd0 DEOPT UNPACKING pc=0x0000023780052b43 sp=0x000000cd17ffaf48 mode 1
Event: 2442.840 Thread 0x00000237a31c8dd0 DEOPT PACKING pc=0x0000023780a6a34c sp=0x000000cd17ffbb00
Event: 2442.840 Thread 0x00000237a31c8dd0 DEOPT UNPACKING pc=0x0000023780052b43 sp=0x000000cd17ffb098 mode 1
Event: 2442.840 Thread 0x00000237a31c8dd0 DEOPT PACKING pc=0x0000023780a66dec sp=0x000000cd17ffbc50
Event: 2442.840 Thread 0x00000237a31c8dd0 DEOPT UNPACKING pc=0x0000023780052b43 sp=0x000000cd17ffb210 mode 1
Event: 2442.880 Thread 0x00000237a31c8dd0 Uncommon trap: trap_request=0xffffffde fr.pc=0x00000237881bdb0c relative=0x000000000000084c
Event: 2442.880 Thread 0x00000237a31c8dd0 Uncommon trap: reason=class_check action=maybe_recompile pc=0x00000237881bdb0c method=java.lang.AbstractStringBuilder.<init>(Ljava/lang/String;)V @ 58 c2
Event: 2442.880 Thread 0x00000237a31c8dd0 DEOPT PACKING pc=0x00000237881bdb0c sp=0x000000cd17ffcd10
Event: 2442.880 Thread 0x00000237a31c8dd0 DEOPT UNPACKING pc=0x00000237800523a3 sp=0x000000cd17ffcd40 mode 2

Classes unloaded (20 events):
Event: 2384.206 Thread 0x00000237ff1e0030 Unloading class 0x0000000100216400 'java/lang/invoke/LambdaForm$MH+0x0000000100216400'
Event: 2384.206 Thread 0x00000237ff1e0030 Unloading class 0x0000000100216000 'java/lang/invoke/LambdaForm$MH+0x0000000100216000'
Event: 2384.206 Thread 0x00000237ff1e0030 Unloading class 0x0000000100215c00 'java/lang/invoke/LambdaForm$MH+0x0000000100215c00'
Event: 2384.206 Thread 0x00000237ff1e0030 Unloading class 0x0000000100215400 'java/lang/invoke/LambdaForm$MH+0x0000000100215400'
Event: 2384.206 Thread 0x00000237ff1e0030 Unloading class 0x0000000100215000 'java/lang/invoke/LambdaForm$MH+0x0000000100215000'
Event: 2384.206 Thread 0x00000237ff1e0030 Unloading class 0x0000000100214c00 'java/lang/invoke/LambdaForm$MH+0x0000000100214c00'
Event: 2384.206 Thread 0x00000237ff1e0030 Unloading class 0x0000000100214800 'java/lang/invoke/LambdaForm$MH+0x0000000100214800'
Event: 2384.206 Thread 0x00000237ff1e0030 Unloading class 0x00000001001db000 'java/lang/invoke/LambdaForm$MH+0x00000001001db000'
Event: 2384.206 Thread 0x00000237ff1e0030 Unloading class 0x00000001001da800 'java/lang/invoke/LambdaForm$MH+0x00000001001da800'
Event: 2384.206 Thread 0x00000237ff1e0030 Unloading class 0x00000001001da400 'java/lang/invoke/LambdaForm$MH+0x00000001001da400'
Event: 2384.206 Thread 0x00000237ff1e0030 Unloading class 0x00000001001da000 'java/lang/invoke/LambdaForm$MH+0x00000001001da000'
Event: 2384.206 Thread 0x00000237ff1e0030 Unloading class 0x00000001001d9800 'java/lang/invoke/LambdaForm$MH+0x00000001001d9800'
Event: 2384.206 Thread 0x00000237ff1e0030 Unloading class 0x00000001001d9000 'java/lang/invoke/LambdaForm$MH+0x00000001001d9000'
Event: 2423.865 Thread 0x00000237ff1e0030 Unloading class 0x0000000100938400 'jdk/internal/reflect/GeneratedMethodAccessor97'
Event: 2423.865 Thread 0x00000237ff1e0030 Unloading class 0x0000000100938000 'jdk/internal/reflect/GeneratedConstructorAccessor72'
Event: 2423.865 Thread 0x00000237ff1e0030 Unloading class 0x0000000100933c00 'jdk/internal/reflect/GeneratedConstructorAccessor71'
Event: 2423.865 Thread 0x00000237ff1e0030 Unloading class 0x0000000100932c00 'jdk/internal/reflect/GeneratedMethodAccessor94'
Event: 2423.865 Thread 0x00000237ff1e0030 Unloading class 0x0000000100932800 'jdk/internal/reflect/GeneratedMethodAccessor93'
Event: 2423.865 Thread 0x00000237ff1e0030 Unloading class 0x0000000100944800 'org/apache/catalina/loader/JdbcLeakPrevention'
Event: 2423.865 Thread 0x00000237ff1e0030 Unloading class 0x0000000100930400 'jdk/internal/reflect/GeneratedConstructorAccessor63'

Classes redefined (20 events):
Event: 2382.459 Thread 0x00000237ff1e0030 redefined class name=com.vscode.common.repo.DefaultRepoImpl$1, count=4
Event: 2382.459 Thread 0x00000237ff1e0030 redefined class name=com.vscode.common.repo.DefaultRepoImpl, count=3
Event: 2382.459 Thread 0x00000237ff1e0030 redefined class name=com.vscode.common.repo.DefaultRepoImpl$1, count=1
Event: 2382.459 Thread 0x00000237ff1e0030 redefined class name=com.vscode.common.repo.DefaultRepoImpl$1, count=2
Event: 2423.050 Thread 0x00000237ff1e0030 redefined class name=com.vscode.common.repo.DefaultRepoImpl, count=3
Event: 2423.050 Thread 0x00000237ff1e0030 redefined class name=com.vscode.common.repo.DefaultRepoImpl, count=5
Event: 2423.050 Thread 0x00000237ff1e0030 redefined class name=com.vscode.common.repo.DefaultRepoImpl, count=2
Event: 2423.050 Thread 0x00000237ff1e0030 redefined class name=com.vscode.common.repo.DefaultRepoImpl$1, count=4
Event: 2423.050 Thread 0x00000237ff1e0030 redefined class name=com.vscode.common.repo.DefaultRepoImpl, count=1
Event: 2423.050 Thread 0x00000237ff1e0030 redefined class name=com.vscode.common.repo.DefaultRepoImpl$1, count=5
Event: 2423.050 Thread 0x00000237ff1e0030 redefined class name=com.vscode.common.repo.DefaultRepoImpl, count=4
Event: 2423.050 Thread 0x00000237ff1e0030 redefined class name=com.vscode.common.repo.DefaultRepoImpl$1, count=2
Event: 2423.050 Thread 0x00000237ff1e0030 redefined class name=com.vscode.common.repo.DefaultRepoImpl$1, count=3
Event: 2423.050 Thread 0x00000237ff1e0030 redefined class name=com.vscode.common.repo.DefaultRepoImpl$1, count=1
Event: 2527.058 Thread 0x00000237ff1e0030 redefined class name=com.vscode.common.repo.DefaultRepoImpl, count=4
Event: 2527.058 Thread 0x00000237ff1e0030 redefined class name=com.vscode.common.repo.DefaultRepoImpl, count=5
Event: 2527.058 Thread 0x00000237ff1e0030 redefined class name=com.vscode.common.repo.DefaultRepoImpl, count=6
Event: 2527.058 Thread 0x00000237ff1e0030 redefined class name=com.vscode.common.repo.DefaultRepoImpl, count=3
Event: 2527.058 Thread 0x00000237ff1e0030 redefined class name=com.vscode.common.repo.DefaultRepoImpl, count=1
Event: 2527.058 Thread 0x00000237ff1e0030 redefined class name=com.vscode.common.repo.DefaultRepoImpl, count=2

Internal exceptions (20 events):
Event: 2424.756 Thread 0x00000237a31c6750 Exception <a 'sun/nio/fs/WindowsException'{0x0000000085898c78}> (0x0000000085898c78) 
thrown [e:\jenkins\tmp\workspace\build\src\src\hotspot\share\prims\jni.cpp, line 516]
Event: 2424.758 Thread 0x00000237a31c6750 Exception <a 'sun/nio/fs/WindowsException'{0x00000000858993a0}> (0x00000000858993a0) 
thrown [e:\jenkins\tmp\workspace\build\src\src\hotspot\share\prims\jni.cpp, line 516]
Event: 2424.758 Thread 0x00000237a31c6750 Exception <a 'sun/nio/fs/WindowsException'{0x0000000085899a98}> (0x0000000085899a98) 
thrown [e:\jenkins\tmp\workspace\build\src\src\hotspot\share\prims\jni.cpp, line 516]
Event: 2424.784 Thread 0x00000237a31c6750 Exception <a 'java/io/FileNotFoundException'{0x00000000858ea120}> (0x00000000858ea120) 
thrown [e:\jenkins\tmp\workspace\build\src\src\hotspot\share\prims\jni.cpp, line 516]
Event: 2424.831 Thread 0x00000237a31c6750 Exception <a 'java/io/FileNotFoundException'{0x000000008556f3a8}> (0x000000008556f3a8) 
thrown [e:\jenkins\tmp\workspace\build\src\src\hotspot\share\prims\jni.cpp, line 516]
Event: 2425.224 Thread 0x00000237a31c6750 Exception <a 'java/lang/ClassNotFoundException'{0x0000000084f860c8}: java/lang/ObjectCustomizer> (0x0000000084f860c8) 
thrown [e:\jenkins\tmp\workspace\build\src\src\hotspot\share\classfile\systemDictionary.cpp, line 256]
Event: 2425.226 Thread 0x00000237a31c6750 Exception <a 'java/lang/ClassNotFoundException'{0x0000000084f90d48}: com/vscode/entity/attendance/StudentAttendanceBeanCustomizer> (0x0000000084f90d48) 
thrown [e:\jenkins\tmp\workspace\build\src\src\hotspot\share\classfile\systemDictionary.cpp, line 256]
Event: 2425.296 Thread 0x00000237a31c6750 Exception <a 'java/lang/ClassNotFoundException'{0x0000000086c69350}: java/lang/ObjectCustomizer> (0x0000000086c69350) 
thrown [e:\jenkins\tmp\workspace\build\src\src\hotspot\share\classfile\systemDictionary.cpp, line 256]
Event: 2425.298 Thread 0x00000237a31c6750 Exception <a 'java/lang/ClassNotFoundException'{0x0000000086c73468}: com/vscode/entity/login/LoginCustomizer> (0x0000000086c73468) 
thrown [e:\jenkins\tmp\workspace\build\src\src\hotspot\share\classfile\systemDictionary.cpp, line 256]
Event: 2425.300 Thread 0x00000237a31c6750 Exception <a 'java/lang/ClassNotFoundException'{0x0000000086c7dad8}: com/vscode/entity/login/LoginAdminBeanCustomizer> (0x0000000086c7dad8) 
thrown [e:\jenkins\tmp\workspace\build\src\src\hotspot\share\classfile\systemDictionary.cpp, line 256]
Event: 2425.326 Thread 0x00000237a31c6750 Exception <a 'java/lang/ClassNotFoundException'{0x00000000862cbec8}: java/lang/ObjectCustomizer> (0x00000000862cbec8) 
thrown [e:\jenkins\tmp\workspace\build\src\src\hotspot\share\classfile\systemDictionary.cpp, line 256]
Event: 2425.329 Thread 0x00000237a31c6750 Exception <a 'java/lang/ClassNotFoundException'{0x00000000862d5fe0}: com/vscode/entity/login/LoginCustomizer> (0x00000000862d5fe0) 
thrown [e:\jenkins\tmp\workspace\build\src\src\hotspot\share\classfile\systemDictionary.cpp, line 256]
Event: 2425.331 Thread 0x00000237a31c6750 Exception <a 'java/lang/ClassNotFoundException'{0x00000000862dfae8}: com/vscode/entity/login/LoginUserBeanCustomizer> (0x00000000862dfae8) 
thrown [e:\jenkins\tmp\workspace\build\src\src\hotspot\share\classfile\systemDictionary.cpp, line 256]
Event: 2425.357 Thread 0x00000237a31c6750 Exception <a 'java/lang/ClassNotFoundException'{0x0000000085a96b30}: java/lang/ObjectCustomizer> (0x0000000085a96b30) 
thrown [e:\jenkins\tmp\workspace\build\src\src\hotspot\share\classfile\systemDictionary.cpp, line 256]
Event: 2425.359 Thread 0x00000237a31c6750 Exception <a 'java/lang/ClassNotFoundException'{0x0000000085aa0390}: com/vscode/entity/attendance/StudentDetailsCustomizer> (0x0000000085aa0390) 
thrown [e:\jenkins\tmp\workspace\build\src\src\hotspot\share\classfile\systemDictionary.cpp, line 256]
Event: 2425.360 Thread 0x00000237a31c6750 Exception <a 'java/lang/ClassNotFoundException'{0x0000000085829be0}: com/vscode/entity/archive/StudentArchiveBeanCustomizer> (0x0000000085829be0) 
thrown [e:\jenkins\tmp\workspace\build\src\src\hotspot\share\classfile\systemDictionary.cpp, line 256]
Event: 2425.381 Thread 0x00000237a31c6750 Exception <a 'java/lang/ClassNotFoundException'{0x000000008506f7d8}: java/lang/ObjectCustomizer> (0x000000008506f7d8) 
thrown [e:\jenkins\tmp\workspace\build\src\src\hotspot\share\classfile\systemDictionary.cpp, line 256]
Event: 2425.382 Thread 0x00000237a31c6750 Exception <a 'java/lang/ClassNotFoundException'{0x0000000085079038}: com/vscode/entity/attendance/StudentDetailsCustomizer> (0x0000000085079038) 
thrown [e:\jenkins\tmp\workspace\build\src\src\hotspot\share\classfile\systemDictionary.cpp, line 256]
Event: 2425.384 Thread 0x00000237a31c6750 Exception <a 'java/lang/ClassNotFoundException'{0x000000008508a4b0}: com/vscode/entity/attendance/StudentDetailsBeanCustomizer> (0x000000008508a4b0) 
thrown [e:\jenkins\tmp\workspace\build\src\src\hotspot\share\classfile\systemDictionary.cpp, line 256]
Event: 2442.830 Thread 0x00000237a31c8dd0 Implicit null exception at 0x0000023787dc214b to 0x0000023787dc4b48

VM Operations (20 events):
Event: 2434.624 Executing VM operation: get/set locals
Event: 2434.624 Executing VM operation: get/set locals done
Event: 2434.624 Executing VM operation: get/set locals
Event: 2434.624 Executing VM operation: get/set locals done
Event: 2434.625 Executing VM operation: get/set locals
Event: 2434.625 Executing VM operation: get/set locals done
Event: 2434.625 Executing VM operation: get/set locals
Event: 2434.626 Executing VM operation: get/set locals done
Event: 2434.626 Executing VM operation: get/set locals
Event: 2434.626 Executing VM operation: get/set locals done
Event: 2435.631 Executing VM operation: Cleanup
Event: 2435.631 Executing VM operation: Cleanup done
Event: 2442.834 Executing VM operation: GetObjectMonitorUsage
Event: 2442.834 Executing VM operation: GetObjectMonitorUsage done
Event: 2442.834 Executing VM operation: GetObjectMonitorUsage
Event: 2442.835 Executing VM operation: GetObjectMonitorUsage done
Event: 2443.835 Executing VM operation: Cleanup
Event: 2443.835 Executing VM operation: Cleanup done
Event: 2527.040 Executing VM operation: RedefineClasses
Event: 2527.088 Executing VM operation: RedefineClasses done

Events (20 events):
Event: 2425.499 Thread 0x00000237a31cc2c0 Thread added: 0x00000237a31cc2c0
Event: 2425.506 Thread 0x00000237a31c8dd0 Thread added: 0x00000237a31c8dd0
Event: 2425.506 Thread 0x00000237a31cc790 Thread added: 0x00000237a31cc790
Event: 2425.506 Thread 0x00000237a31c8430 Thread added: 0x00000237a31c8430
Event: 2425.506 Thread 0x00000237a31c8900 Thread added: 0x00000237a31c8900
Event: 2425.506 Thread 0x00000237a31c92a0 Thread added: 0x00000237a31c92a0
Event: 2425.506 Thread 0x0000023797d2ea40 Thread added: 0x0000023797d2ea40
Event: 2425.506 Thread 0x0000023797d2f8b0 Thread added: 0x0000023797d2f8b0
Event: 2425.507 Thread 0x0000023797d2d700 Thread added: 0x0000023797d2d700
Event: 2425.507 Thread 0x0000023797d28530 Thread added: 0x0000023797d28530
Event: 2425.507 Thread 0x0000023797d28ed0 Thread added: 0x0000023797d28ed0
Event: 2425.511 Thread 0x0000023797d2e0a0 Thread added: 0x0000023797d2e0a0
Event: 2425.511 Thread 0x0000023797d29d40 Thread added: 0x0000023797d29d40
Event: 2425.520 Thread 0x00000237a31c6750 Thread exited: 0x00000237a31c6750
Event: 2425.520 Thread 0x00000237a31ca110 Thread exited: 0x00000237a31ca110
Event: 2428.487 Thread 0x0000023797798430 Thread exited: 0x0000023797798430
Event: 2428.487 Thread 0x0000023797794770 Thread exited: 0x0000023797794770
Event: 2430.178 Thread 0x00000237a31c70f0 Thread exited: 0x00000237a31c70f0
Event: 2430.334 Thread 0x00000237a31c75c0 Thread exited: 0x00000237a31c75c0
Event: 2430.397 Thread 0x00000237a31c58e0 Thread exited: 0x00000237a31c58e0


Dynamic libraries:
0x00007ff699dc0000 - 0x00007ff699dce000 	C:\Users\Utkarsh Bhardwaj\.p2\pool\plugins\org.eclipse.justj.openjdk.hotspot.jre.full.win32.x86_64_17.0.1.v20211116-1657\jre\bin\javaw.exe
0x00007ff8f7490000 - 0x00007ff8f7687000 	C:\WINDOWS\SYSTEM32\ntdll.dll
0x00007ff8f5b80000 - 0x00007ff8f5c3d000 	C:\WINDOWS\System32\KERNEL32.DLL
0x00007ff8f4e20000 - 0x00007ff8f50ed000 	C:\WINDOWS\System32\KERNELBASE.dll
0x00007ff8f53f0000 - 0x00007ff8f54f0000 	C:\WINDOWS\System32\ucrtbase.dll
0x00007ff8bb470000 - 0x00007ff8bb488000 	C:\Users\Utkarsh Bhardwaj\.p2\pool\plugins\org.eclipse.justj.openjdk.hotspot.jre.full.win32.x86_64_17.0.1.v20211116-1657\jre\bin\jli.dll
0x00007ff8bb130000 - 0x00007ff8bb149000 	C:\Users\Utkarsh Bhardwaj\.p2\pool\plugins\org.eclipse.justj.openjdk.hotspot.jre.full.win32.x86_64_17.0.1.v20211116-1657\jre\bin\VCRUNTIME140.dll
0x00007ff8f7280000 - 0x00007ff8f7420000 	C:\WINDOWS\System32\USER32.dll
0x00007ff8f4da0000 - 0x00007ff8f4dc2000 	C:\WINDOWS\System32\win32u.dll
0x00007ff8dbe10000 - 0x00007ff8dc0aa000 	C:\WINDOWS\WinSxS\amd64_microsoft.windows.common-controls_6595b64144ccf1df_6.0.19041.1110_none_60b5254171f9507e\COMCTL32.dll
0x00007ff8f6250000 - 0x00007ff8f627a000 	C:\WINDOWS\System32\GDI32.dll
0x00007ff8f5ae0000 - 0x00007ff8f5b7e000 	C:\WINDOWS\System32\msvcrt.dll
0x00007ff8f5250000 - 0x00007ff8f535b000 	C:\WINDOWS\System32\gdi32full.dll
0x00007ff8f4bb0000 - 0x00007ff8f4c4d000 	C:\WINDOWS\System32\msvcp_win.dll
0x00007ff8f7420000 - 0x00007ff8f7450000 	C:\WINDOWS\System32\IMM32.DLL
0x00007ff8ce640000 - 0x00007ff8ce64c000 	C:\Users\Utkarsh Bhardwaj\.p2\pool\plugins\org.eclipse.justj.openjdk.hotspot.jre.full.win32.x86_64_17.0.1.v20211116-1657\jre\bin\vcruntime140_1.dll
0x00007ff8b4750000 - 0x00007ff8b47e1000 	C:\Users\Utkarsh Bhardwaj\.p2\pool\plugins\org.eclipse.justj.openjdk.hotspot.jre.full.win32.x86_64_17.0.1.v20211116-1657\jre\bin\msvcp140.dll
0x00007ff86ad00000 - 0x00007ff86b946000 	C:\Users\Utkarsh Bhardwaj\.p2\pool\plugins\org.eclipse.justj.openjdk.hotspot.jre.full.win32.x86_64_17.0.1.v20211116-1657\jre\bin\server\jvm.dll
0x00007ff8f6940000 - 0x00007ff8f69ee000 	C:\WINDOWS\System32\ADVAPI32.dll
0x00007ff8f5da0000 - 0x00007ff8f5e3c000 	C:\WINDOWS\System32\sechost.dll
0x00007ff8f69f0000 - 0x00007ff8f6b15000 	C:\WINDOWS\System32\RPCRT4.dll
0x00007ff8f6280000 - 0x00007ff8f6288000 	C:\WINDOWS\System32\PSAPI.DLL
0x00007ff8dd180000 - 0x00007ff8dd1a7000 	C:\WINDOWS\SYSTEM32\WINMM.dll
0x00007ff8ed6c0000 - 0x00007ff8ed6ca000 	C:\WINDOWS\SYSTEM32\VERSION.dll
0x00007ff8d7000000 - 0x00007ff8d7009000 	C:\WINDOWS\SYSTEM32\WSOCK32.dll
0x00007ff8f6290000 - 0x00007ff8f62fb000 	C:\WINDOWS\System32\WS2_32.dll
0x00007ff8f3440000 - 0x00007ff8f3452000 	C:\WINDOWS\SYSTEM32\kernel.appcore.dll
0x00007ff8cef00000 - 0x00007ff8cef0a000 	C:\Users\Utkarsh Bhardwaj\.p2\pool\plugins\org.eclipse.justj.openjdk.hotspot.jre.full.win32.x86_64_17.0.1.v20211116-1657\jre\bin\jimage.dll
0x00007ff8f3200000 - 0x00007ff8f33e4000 	C:\WINDOWS\SYSTEM32\DBGHELP.DLL
0x00007ff8d6ca0000 - 0x00007ff8d6ccc000 	C:\WINDOWS\SYSTEM32\dbgcore.DLL
0x00007ff8f5360000 - 0x00007ff8f53e2000 	C:\WINDOWS\System32\bcryptPrimitives.dll
0x00007ff8dbd20000 - 0x00007ff8dbd5b000 	C:\Users\Utkarsh Bhardwaj\.p2\pool\plugins\org.eclipse.justj.openjdk.hotspot.jre.full.win32.x86_64_17.0.1.v20211116-1657\jre\bin\jdwp.dll
0x00007ff8de0f0000 - 0x00007ff8de0fe000 	C:\Users\Utkarsh Bhardwaj\.p2\pool\plugins\org.eclipse.justj.openjdk.hotspot.jre.full.win32.x86_64_17.0.1.v20211116-1657\jre\bin\instrument.dll
0x00007ff8ce6f0000 - 0x00007ff8ce715000 	C:\Users\Utkarsh Bhardwaj\.p2\pool\plugins\org.eclipse.justj.openjdk.hotspot.jre.full.win32.x86_64_17.0.1.v20211116-1657\jre\bin\java.dll
0x00007ff8ce6d0000 - 0x00007ff8ce6e8000 	C:\Users\Utkarsh Bhardwaj\.p2\pool\plugins\org.eclipse.justj.openjdk.hotspot.jre.full.win32.x86_64_17.0.1.v20211116-1657\jre\bin\zip.dll
0x00007ff8f6b30000 - 0x00007ff8f7274000 	C:\WINDOWS\System32\SHELL32.dll
0x00007ff8f28a0000 - 0x00007ff8f3034000 	C:\WINDOWS\SYSTEM32\windows.storage.dll
0x00007ff8f65e0000 - 0x00007ff8f6934000 	C:\WINDOWS\System32\combase.dll
0x00007ff8f4610000 - 0x00007ff8f463c000 	C:\WINDOWS\SYSTEM32\Wldp.dll
0x00007ff8f5cd0000 - 0x00007ff8f5d7d000 	C:\WINDOWS\System32\SHCORE.dll
0x00007ff8f6050000 - 0x00007ff8f60a5000 	C:\WINDOWS\System32\shlwapi.dll
0x00007ff8f4af0000 - 0x00007ff8f4b0f000 	C:\WINDOWS\SYSTEM32\profapi.dll
0x00007ff8de0e0000 - 0x00007ff8de0ec000 	C:\Users\Utkarsh Bhardwaj\.p2\pool\plugins\org.eclipse.justj.openjdk.hotspot.jre.full.win32.x86_64_17.0.1.v20211116-1657\jre\bin\dt_socket.dll
0x00007ff8f4010000 - 0x00007ff8f404b000 	C:\WINDOWS\SYSTEM32\IPHLPAPI.DLL
0x00007ff8f4370000 - 0x00007ff8f43da000 	C:\WINDOWS\system32\mswsock.dll
0x00007ff8f4050000 - 0x00007ff8f411b000 	C:\WINDOWS\SYSTEM32\DNSAPI.dll
0x00007ff8f6b20000 - 0x00007ff8f6b28000 	C:\WINDOWS\System32\NSI.dll
0x0000000051830000 - 0x000000005183a000 	C:\Program Files\National Instruments\Shared\mDNS Responder\nimdnsNSP.dll
0x0000000051820000 - 0x0000000051830000 	C:\WINDOWS\SYSTEM32\nimdnsResponder.dll
0x00007ff8ec160000 - 0x00007ff8ec16a000 	C:\Windows\System32\rasadhlp.dll
0x00007ff8db320000 - 0x00007ff8db3a0000 	C:\WINDOWS\System32\fwpuclnt.dll
0x00007ff8f4c50000 - 0x00007ff8f4c77000 	C:\WINDOWS\System32\bcrypt.dll
0x00007ff8bb8f0000 - 0x00007ff8bb909000 	C:\Users\Utkarsh Bhardwaj\.p2\pool\plugins\org.eclipse.justj.openjdk.hotspot.jre.full.win32.x86_64_17.0.1.v20211116-1657\jre\bin\net.dll
0x00007ff8e05d0000 - 0x00007ff8e06da000 	C:\WINDOWS\SYSTEM32\WINHTTP.dll
0x00007ff8bb490000 - 0x00007ff8bb4a5000 	C:\Users\Utkarsh Bhardwaj\.p2\pool\plugins\org.eclipse.justj.openjdk.hotspot.jre.full.win32.x86_64_17.0.1.v20211116-1657\jre\bin\nio.dll
0x00007ff8ce6c0000 - 0x00007ff8ce6d0000 	C:\Users\Utkarsh Bhardwaj\.p2\pool\plugins\org.eclipse.justj.openjdk.hotspot.jre.full.win32.x86_64_17.0.1.v20211116-1657\jre\bin\verify.dll
0x00007ff8c8400000 - 0x00007ff8c8409000 	C:\Users\Utkarsh Bhardwaj\.p2\pool\plugins\org.eclipse.justj.openjdk.hotspot.jre.full.win32.x86_64_17.0.1.v20211116-1657\jre\bin\management.dll
0x00007ff8c7c10000 - 0x00007ff8c7c1b000 	C:\Users\Utkarsh Bhardwaj\.p2\pool\plugins\org.eclipse.justj.openjdk.hotspot.jre.full.win32.x86_64_17.0.1.v20211116-1657\jre\bin\management_ext.dll
0x00007ff8cbbd0000 - 0x00007ff8cbbe7000 	C:\WINDOWS\system32\napinsp.dll
0x00007ff8cbbb0000 - 0x00007ff8cbbcb000 	C:\WINDOWS\system32\pnrpnsp.dll
0x00007ff8efa30000 - 0x00007ff8efa45000 	C:\WINDOWS\system32\wshbth.dll
0x00007ff8efd40000 - 0x00007ff8efd5d000 	C:\WINDOWS\system32\NLAapi.dll
0x00007ff8cbb70000 - 0x00007ff8cbb82000 	C:\WINDOWS\System32\winrnr.dll
0x00007ff8f4570000 - 0x00007ff8f4588000 	C:\WINDOWS\SYSTEM32\CRYPTSP.dll
0x00007ff8f3c80000 - 0x00007ff8f3cb4000 	C:\WINDOWS\system32\rsaenh.dll
0x00007ff8f4a70000 - 0x00007ff8f4a9e000 	C:\WINDOWS\SYSTEM32\USERENV.dll
0x00007ff8f4560000 - 0x00007ff8f456c000 	C:\WINDOWS\SYSTEM32\CRYPTBASE.dll
0x00007ff8ebf90000 - 0x00007ff8ebfa7000 	C:\WINDOWS\SYSTEM32\dhcpcsvc6.DLL
0x00007ff8ec0d0000 - 0x00007ff8ec0ed000 	C:\WINDOWS\SYSTEM32\dhcpcsvc.DLL
0x00007ff8c22e0000 - 0x00007ff8c22ee000 	C:\Users\Utkarsh Bhardwaj\.p2\pool\plugins\org.eclipse.justj.openjdk.hotspot.jre.full.win32.x86_64_17.0.1.v20211116-1657\jre\bin\sunmscapi.dll
0x00007ff8f50f0000 - 0x00007ff8f5246000 	C:\WINDOWS\System32\CRYPT32.dll
0x00007ff8f4680000 - 0x00007ff8f46a7000 	C:\WINDOWS\SYSTEM32\ncrypt.dll
0x00007ff8f4640000 - 0x00007ff8f467b000 	C:\WINDOWS\SYSTEM32\NTASN1.dll
0x00007ff8de0c0000 - 0x00007ff8de0c7000 	C:\WINDOWS\system32\wshunix.dll

dbghelp: loaded successfully - version: 4.0.5 - missing functions: none
symbol engine: initialized successfully - sym options: 0x614 - pdb path: .;C:\Users\Utkarsh Bhardwaj\.p2\pool\plugins\org.eclipse.justj.openjdk.hotspot.jre.full.win32.x86_64_17.0.1.v20211116-1657\jre\bin;C:\WINDOWS\SYSTEM32;C:\WINDOWS\WinSxS\amd64_microsoft.windows.common-controls_6595b64144ccf1df_6.0.19041.1110_none_60b5254171f9507e;C:\Users\Utkarsh Bhardwaj\.p2\pool\plugins\org.eclipse.justj.openjdk.hotspot.jre.full.win32.x86_64_17.0.1.v20211116-1657\jre\bin\server;C:\Program Files\National Instruments\Shared\mDNS Responder

VM Arguments:
jvm_args: -XX:+ShowCodeDetailsInExceptionMessages -agentlib:jdwp=transport=dt_socket,suspend=y,address=localhost:53418 -javaagent:C:\Users\Utkarsh Bhardwaj\eclipse\java-2021-12\eclipse\configuration\org.eclipse.osgi\224\0\.cp\lib\javaagent-shaded.jar -Dfile.encoding=UTF-8 
java_command: com.vscode.Application
java_class_path (initial): D:\Courses\workspace\Attendance System\com.vscode.attendance\target\classes;D:\Work_SPADE\Workspaces\MOTOR\target-jars\motor-rest\json\java-json.jar;C:\Users\Utkarsh Bhardwaj\.m2\repository\org\springframework\boot\spring-boot-starter-data-jpa\2.7.0\spring-boot-starter-data-jpa-2.7.0.jar;C:\Users\Utkarsh Bhardwaj\.m2\repository\org\springframework\boot\spring-boot-starter-aop\2.7.0\spring-boot-starter-aop-2.7.0.jar;C:\Users\Utkarsh Bhardwaj\.m2\repository\org\springframework\spring-aop\5.3.20\spring-aop-5.3.20.jar;C:\Users\Utkarsh Bhardwaj\.m2\repository\org\aspectj\aspectjweaver\1.9.7\aspectjweaver-1.9.7.jar;C:\Users\Utkarsh Bhardwaj\.m2\repository\org\springframework\boot\spring-boot-starter-jdbc\2.7.0\spring-boot-starter-jdbc-2.7.0.jar;C:\Users\Utkarsh Bhardwaj\.m2\repository\com\zaxxer\HikariCP\4.0.3\HikariCP-4.0.3.jar;C:\Users\Utkarsh Bhardwaj\.m2\repository\org\springframework\spring-jdbc\5.3.20\spring-jdbc-5.3.20.jar;C:\Users\Utkarsh Bhardwaj\.m2\repository\jakarta\transaction\jakarta.transaction-api\1.3.3\jakarta.transaction-api-1.3.3.jar;C:\Users\Utkarsh Bhardwaj\.m2\repository\jakarta\persistence\jakarta.persistence-api\2.2.3\jakarta.persistence-api-2.2.3.jar;C:\Users\Utkarsh Bhardwaj\.m2\repository\org\hibernate\hibernate-core\5.6.9.Final\hibernate-core-5.6.9.Final.jar;C:\Users\Utkarsh Bhardwaj\.m2\repository\org\jboss\logging\jboss-logging\3.4.3.Final\jboss-logging-3.4.3.Final.jar;C:\Users\Utkarsh Bhardwaj\.m2\repository\net\bytebuddy\byte-buddy\1.12.10\byte-buddy-1.12.10.jar;C:\Users\Utkarsh Bhardwaj\.m2\repository\antlr\antlr\2.7.7\antlr-2.7.7.jar;C:\Users\Utkarsh Bhardwaj\.m2\repository\org\jboss\jandex\2.4.2.Final\jandex-2.4.2.Final.jar;C:\Users\Utkarsh Bhardwaj\.m2\repository\com\fasterxml\classmate\1.5.1\classmate-1.5.1.jar;C:\Users\Utkarsh Bhardwaj\.m2\repository\org\hibernate\common\hibernate-commons-annotations\5.1.2.Final\hibernate-commons-annotations-5.1.2.Final.jar;C:\Users\Utkarsh Bhardwaj\.m2\repository\org\glas
Launcher Type: SUN_STANDARD

[Global flags]
     intx CICompilerCount                          = 4                                         {product} {ergonomic}
     uint ConcGCThreads                            = 2                                         {product} {ergonomic}
     uint G1ConcRefinementThreads                  = 8                                         {product} {ergonomic}
   size_t G1HeapRegionSize                         = 1048576                                   {product} {ergonomic}
    uintx GCDrainStackTargetSize                   = 64                                        {product} {ergonomic}
   size_t InitialHeapSize                          = 134217728                                 {product} {ergonomic}
   size_t MarkStackSize                            = 4194304                                   {product} {ergonomic}
   size_t MaxHeapSize                              = 2118123520                                {product} {ergonomic}
   size_t MaxNewSize                               = 1270874112                                {product} {ergonomic}
   size_t MinHeapDeltaBytes                        = 1048576                                   {product} {ergonomic}
   size_t MinHeapSize                              = 8388608                                   {product} {ergonomic}
    uintx NonNMethodCodeHeapSize                   = 5839372                                {pd product} {ergonomic}
    uintx NonProfiledCodeHeapSize                  = 122909434                              {pd product} {ergonomic}
    uintx ProfiledCodeHeapSize                     = 122909434                              {pd product} {ergonomic}
    uintx ReservedCodeCacheSize                    = 251658240                              {pd product} {ergonomic}
     bool SegmentedCodeCache                       = true                                      {product} {ergonomic}
     bool ShowCodeDetailsInExceptionMessages       = true                                   {manageable} {command line}
   size_t SoftMaxHeapSize                          = 2118123520                             {manageable} {ergonomic}
     bool UseCompressedClassPointers               = true                           {product lp64_product} {ergonomic}
     bool UseCompressedOops                        = true                           {product lp64_product} {ergonomic}
     bool UseG1GC                                  = true                                      {product} {ergonomic}
     bool UseLargePagesIndividualAllocation        = false                                  {pd product} {ergonomic}

Logging:
Log output configuration:
 #0: stdout all=warning uptime,level,tags
 #1: stderr all=off uptime,level,tags

Environment Variables:
PATH=C:\Users\Utkarsh Bhardwaj\.p2\pool\plugins\org.eclipse.justj.openjdk.hotspot.jre.full.win32.x86_64_17.0.1.v20211116-1657\jre\bin;C:/Users/Utkarsh Bhardwaj/.p2/pool/plugins/org.eclipse.justj.openjdk.hotspot.jre.full.win32.x86_64_17.0.1.v20211116-1657/jre/bin/server;C:/Users/Utkarsh Bhardwaj/.p2/pool/plugins/org.eclipse.justj.openjdk.hotspot.jre.full.win32.x86_64_17.0.1.v20211116-1657/jre/bin;C:\Program Files\Node-js\nodejs;C:\Users\Utkarsh Bhardwaj\AppData\Roaming\npm;C:\Users\Utkarsh Bhardwaj\AppData\Local\Programs\Microsoft VS Code\bin;D:\;
USERNAME=Utkarsh Bhardwaj
OS=Windows_NT
PROCESSOR_IDENTIFIER=Intel64 Family 6 Model 142 Stepping 12, GenuineIntel



---------------  S Y S T E M  ---------------

OS:
 Windows 10 , 64 bit Build 19041 (10.0.19041.1741)
OS uptime: 1 days 7:25 hours

CPU: total 8 (initial active 8) (4 cores per cpu, 2 threads per core) family 6 model 142 stepping 12 microcode 0xea, cx8, cmov, fxsr, ht, mmx, 3dnowpref, sse, sse2, sse3, ssse3, sse4.1, sse4.2, popcnt, lzcnt, tsc, tscinvbit, avx, avx2, aes, erms, clmul, bmi1, bmi2, adx, fma, vzeroupper, clflush, clflushopt

Memory: 4k page, system-wide physical 8078M (842M free)
TotalPageFile size 19854M (AvailPageFile size 6212M)
current process WorkingSet (physical memory assigned to process): 335M, peak: 371M
current process commit charge ("private bytes"): 378M, peak: 505M

vm_info: OpenJDK 64-Bit Server VM (17.0.1+12) for windows-amd64 JRE (17.0.1+12), built on Oct 20 2021 07:42:55 by "" with MS VC++ 16.7 (VS2019)

END.
