#
# A fatal error has been detected by the Java Runtime Environment:
#
#  EXCEPTION_ACCESS_VIOLATION (0xc0000005) at pc=0x00007ff86b49bc8a, pid=2164, tid=7352
#
# JRE version: OpenJDK Runtime Environment Temurin-17.0.1+12 (17.0.1+12) (build 17.0.1+12)
# Java VM: OpenJDK 64-Bit Server VM Temurin-17.0.1+12 (17.0.1+12, mixed mode, tiered, compressed oops, compressed class ptrs, g1 gc, windows-amd64)
# Problematic frame:
# V  [jvm.dll+0x79bc8a]
#
# No core dump will be written. Minidumps are not enabled by default on client versions of Windows
#
# If you would like to submit a bug report, please visit:
#   https://github.com/adoptium/adoptium-support/issues
#

---------------  S U M M A R Y ------------

Command Line: -XX:+ShowCodeDetailsInExceptionMessages -agentlib:jdwp=transport=dt_socket,suspend=y,address=localhost:57333 -javaagent:C:\Users\Utkarsh Bhardwaj\eclipse\java-2021-12\eclipse\configuration\org.eclipse.osgi\224\0\.cp\lib\javaagent-shaded.jar -Dfile.encoding=UTF-8 com.vscode.Application

Host: Intel(R) Core(TM) i5-8265U CPU @ 1.60GHz, 8 cores, 7G,  Windows 10 , 64 bit Build 19041 (10.0.19041.1741)
Time: Sun Jul 10 10:43:30 2022 India Standard Time elapsed time: 237.700881 seconds (0d 0h 3m 57s)

---------------  T H R E A D  ---------------

Current thread (0x0000020f6b376be0):  JavaThread "JDWP Transport Listener: dt_socket" daemon [_thread_in_vm, id=7352, stack(0x000000ed56700000,0x000000ed56800000)]

Stack: [0x000000ed56700000,0x000000ed56800000],  sp=0x000000ed567ff4e0,  free space=1021k
Native frames: (J=compiled Java code, j=interpreted, Vv=VM code, C=native code)
V  [jvm.dll+0x79bc8a]
V  [jvm.dll+0x507e6c]
V  [jvm.dll+0x4cf4d4]
C  [jdwp.dll+0x22dff]


siginfo: EXCEPTION_ACCESS_VIOLATION (0xc0000005), reading address 0x0000000001920106


Register to memory mapping:

RIP=0x00007ff86b49bc8a jvm.dll
RAX=0x0000000000000191 is an unknown value
RBX=0x0000020f6b1c3fc9 points into unknown readable memory: 65 3b 00 70 6c 3b 00
RCX=0x0000000001920102 is an unknown value
RDX=0x0000020f72fd8690 points into unknown readable memory: 0x6373762f6d6f634c | 4c 63 6f 6d 2f 76 73 63
RSP=0x000000ed567ff4e0 is pointing into the stack for thread: 0x0000020f6b376be0
RBP=0x0000020f6b281ab0 points into unknown readable memory: 0x0021041400000002 | 02 00 00 00 14 04 21 00
RSI=0x0 is NULL
RDI=0xffffffffffffffff is an unknown value
R8 =0x00000000000001a1 is an unknown value
R9 =0x0000000000000040 is an unknown value
R10=0x0000000000000180 is an unknown value
R11=0x000000ed567ff500 is pointing into the stack for thread: 0x0000020f6b376be0
R12=0x000000ed567ff638 is pointing into the stack for thread: 0x0000020f6b376be0
R13=0x0 is NULL
R14=0x00000001002dd000 is a pointer to class: 
com.vscode.common.repo.DefaultRepoImpl {0x00000001002dd008}
 - instance size:     5
 - klass size:        274
 - access:            public synchronized 
 - state:             fully_initialized
 - name:              'com/vscode/common/repo/DefaultRepoImpl'
 - super:             'org/springframework/data/jpa/repository/support/SimpleJpaRepository'
 - sub:               
 - arrays:            NULL
 - methods:           Array<T>(0x0000020f777774e0)
 - method ordering:   Array<T>(0x0000020f77968548)
 - default_methods:   Array<T>(0x0000020f702f33a0)
 - default vtable indices:   Array<T>(0x0000020f702f33b0)
 - local interfaces:  Array<T>(0x0000020f702f0fc8)
 - trans. interfaces: Array<T>(0x0000020f702f3328)
 - constants:         constant pool [469]/operands[21] {0x0000020f7796e330} for 'com/vscode/common/repo/DefaultRepoImpl' cache=0x0000020f7796f350
 - class loader data:  loader data: 0x0000020f6c4edb80 for instance a 'org/springframework/boot/devtools/restart/classloader/RestartClassLoader'{0x00000000824034d0}
 - source file:       'DefaultRepoImpl.java'
 - source debug extension:       SMAP
DefaultRepoImpl.java
Java
*S jdt
*F
1 DefaultRepoImpl.java
2 file:/D:/Courses/workspace/Attendance%20System/com.vscode.attendance/target/classes/
*L
*E

 - class annotations:       Array<T>(0x0000000000000000)
 - class type annotations:  Array<T>(0x0000000000000000)
 - field annotations:       Array<T>(0x0000020f77777490)
 - field type annotations:  Array<T>(0x0000000000000000)
 - generic signature: '
[error occurred during error reporting (printing register info), id 0xc0000005, EXCEPTION_ACCESS_VIOLATION (0xc0000005) at pc=0x00007ff86b49c896]

Registers:
RAX=0x0000000000000191, RBX=0x0000020f6b1c3fc9, RCX=0x0000000001920102, RDX=0x0000020f72fd8690
RSP=0x000000ed567ff4e0, RBP=0x0000020f6b281ab0, RSI=0x0000000000000000, RDI=0xffffffffffffffff
R8 =0x00000000000001a1, R9 =0x0000000000000040, R10=0x0000000000000180, R11=0x000000ed567ff500
R12=0x000000ed567ff638, R13=0x0000000000000000, R14=0x00000001002dd000, R15=0x000000ed567ff660
RIP=0x00007ff86b49bc8a, EFLAGS=0x0000000000010202

Top of Stack: (sp=0x000000ed567ff4e0)
0x000000ed567ff4e0:   0000000000000026 00000001002dd000
0x000000ed567ff4f0:   0000020f72fd8750 00007ff8f74b47b1
0x000000ed567ff500:   ffffffffffffffff 00007ff86b207e6c
0x000000ed567ff510:   0000020f6b1c3fc9 0000020f6b1c3fa0
0x000000ed567ff520:   0000020f6b281ab0 0000000000000000
0x000000ed567ff530:   0000020f6b1c3f60 00000000000003d8
0x000000ed567ff540:   0000020f6b1c3f70 0000020f6b1c4348
0x000000ed567ff550:   0000000000016801 000000ed567ff638
0x000000ed567ff560:   0000000000000007 0000020f6b376e88
0x000000ed567ff570:   0000000082344a90 00007ff86b1cf4d4
0x000000ed567ff580:   0000020f6b376be0 000000ed567ff660
0x000000ed567ff590:   0000020f5050d0a0 000000ed567ff660
0x000000ed567ff5a0:   0000020f6b376be0 0000000000000000
0x000000ed567ff5b0:   0000000000000000 0000000000000000
0x000000ed567ff5c0:   0000020f6b2efd90 00007ff8ddcc2dff
0x000000ed567ff5d0:   000000ed567ff658 00007ff8ddcd1aa0 

Instructions: (pc=0x00007ff86b49bc8a)
0x00007ff86b49bb8a:   48 83 c4 20 5f e9 3c a2 90 ff cc cc cc cc cc cc
0x00007ff86b49bb9a:   cc cc cc cc cc cc 48 89 5c 24 08 57 48 83 ec 20
0x00007ff86b49bbaa:   83 fa 02 8d 42 06 b9 08 00 00 00 49 8b d8 0f 4e
0x00007ff86b49bbba:   c1 48 63 c8 48 83 c1 07 83 e1 f8 48 63 f9 49 8b
0x00007ff86b49bbca:   48 18 48 8b c7 48 f7 d0 48 3b c1 73 16 4c 8d 05
0x00007ff86b49bbda:   5a 55 17 00 48 8b d7 48 8b cb e8 47 05 91 ff 48
0x00007ff86b49bbea:   8b 4b 18 48 8d 04 39 48 3b 43 20 76 18 45 33 c0
0x00007ff86b49bbfa:   48 8b d7 48 8b cb 48 8b 5c 24 30 48 83 c4 20 5f
0x00007ff86b49bc0a:   e9 a1 01 91 ff 48 89 43 18 48 8b c1 48 8b 5c 24
0x00007ff86b49bc1a:   30 48 83 c4 20 5f c3 cc cc cc cc cc cc cc cc cc
0x00007ff86b49bc2a:   cc cc cc cc cc cc 4c 8b d2 4c 8b d9 45 85 c0 7e
0x00007ff86b49bc3a:   3c 44 0f b7 49 04 41 8d 40 ff 41 3b c1 44 0f 4c
0x00007ff86b49bc4a:   c8 4d 63 c1 45 85 c9 7e 1f 48 8b c2 4c 2b da 49
0x00007ff86b49bc5a:   8b d0 0f 1f 40 00 41 0f b6 4c 03 06 88 08 48 8d
0x00007ff86b49bc6a:   40 01 48 83 ea 01 75 ee 43 c6 04 10 00 49 8b c2
0x00007ff86b49bc7a:   c3 cc cc cc cc cc 48 89 5c 24 08 57 48 83 ec 20
0x00007ff86b49bc8a:   0f b7 59 04 48 8b f9 33 d2 48 8d 4b 01 e8 24 e8
0x00007ff86b49bc9a:   f2 ff 0f b7 57 04 4c 8b c0 3b da 0f 42 d3 44 8b
0x00007ff86b49bcaa:   ca 85 d2 74 39 48 2b f8 0f 1f 40 00 66 66 0f 1f
0x00007ff86b49bcba:   84 00 00 00 00 00 0f b6 4c 07 06 88 08 48 ff c0
0x00007ff86b49bcca:   48 8b c8 49 2b c8 49 3b c9 7c eb 42 c6 04 02 00
0x00007ff86b49bcda:   49 8b c0 48 8b 5c 24 30 48 83 c4 20 5f c3 48 8b
0x00007ff86b49bcea:   5c 24 30 c6 04 02 00 48 83 c4 20 5f c3 cc cc cc
0x00007ff86b49bcfa:   cc cc cc cc cc cc 4c 8b d1 45 85 c0 7e 6c 44 0f
0x00007ff86b49bd0a:   b7 49 04 41 8d 40 ff 41 3b c1 44 0f 4c c8 4d 63
0x00007ff86b49bd1a:   d9 45 85 c9 7e 22 48 8b ca 4c 2b d2 4d 8b c3 0f
0x00007ff86b49bd2a:   1f 80 00 00 00 00 41 0f b6 44 0a 06 88 01 48 8d
0x00007ff86b49bd3a:   49 01 49 83 e8 01 75 ee 41 c6 04 13 00 48 c7 c0
0x00007ff86b49bd4a:   ff ff ff ff 66 90 48 ff c0 80 3c 02 00 75 f7 48
0x00007ff86b49bd5a:   63 c8 85 c0 48 8b c2 7e 14 80 38 2f 75 03 c6 00
0x00007ff86b49bd6a:   2e 48 ff c0 48 83 e9 01 75 ef 48 8b c2 c3 cc cc
0x00007ff86b49bd7a:   cc cc cc cc cc cc 48 83 ec 28 e8 f7 fe ff ff 4c 


Stack slot to memory mapping:
stack at sp + 0 slots: 0x0000000000000026 is an unknown value
stack at sp + 1 slots: 0x00000001002dd000 is a pointer to class: 
com.vscode.common.repo.DefaultRepoImpl {0x00000001002dd008}
 - instance size:     5
 - klass size:        274
 - access:            public synchronized 
 - state:             fully_initialized
 - name:              'com/vscode/common/repo/DefaultRepoImpl'
 - super:             'org/springframework/data/jpa/repository/support/SimpleJpaRepository'
 - sub:               
 - arrays:            NULL
 - methods:           Array<T>(0x0000020f777774e0)
 - method ordering:   Array<T>(0x0000020f77968548)
 - default_methods:   Array<T>(0x0000020f702f33a0)
 - default vtable indices:   Array<T>(0x0000020f702f33b0)
 - local interfaces:  Array<T>(0x0000020f702f0fc8)
 - trans. interfaces: Array<T>(0x0000020f702f3328)
 - constants:         constant pool [469]/operands[21] {0x0000020f7796e330} for 'com/vscode/common/repo/DefaultRepoImpl' cache=0x0000020f7796f350
 - class loader data:  loader data: 0x0000020f6c4edb80 for instance a 'org/springframework/boot/devtools/restart/classloader/RestartClassLoader'{0x00000000824034d0}
 - source file:       'DefaultRepoImpl.java'
 - source debug extension:       SMAP
DefaultRepoImpl.java
Java
*S jdt
*F
1 DefaultRepoImpl.java
2 file:/D:/Courses/workspace/Attendance%20System/com.vscode.attendance/target/classes/
*L
*E

 - class annotations:       Array<T>(0x0000000000000000)
 - class type annotations:  Array<T>(0x0000000000000000)
 - field annotations:       Array<T>(0x0000020f77777490)
 - field type annotations:  Array<T>(0x0000000000000000)
 - generic signature: '
[error occurred during error reporting (inspecting top of stack), id 0xc0000005, EXCEPTION_ACCESS_VIOLATION (0xc0000005) at pc=0x00007ff86b49c896]


---------------  P R O C E S S  ---------------

Threads class SMR info:
_java_thread_list=0x0000020f6df75860, length=36, elements={
0x0000020f6a4abc50, 0x0000020f6a4ac9d0, 0x0000020f6b037000, 0x0000020f6b03a8e0,
0x0000020f6b03b1a0, 0x0000020f6b03ff70, 0x0000020f6b048b70, 0x0000020f6b04b110,
0x0000020f6b058860, 0x0000020f6b1c5bb0, 0x0000020f6b376be0, 0x0000020f6b377890,
0x0000020f6b377d80, 0x0000020f6b898c70, 0x0000020f6c635410, 0x0000020f6c6358e0,
0x0000020f6c635db0, 0x0000020f6c633260, 0x0000020f6c633730, 0x0000020f6f7bf550,
0x0000020f6f7bfa20, 0x0000020f6f7bca00, 0x0000020f6f7bf080, 0x0000020f6f7bced0,
0x0000020f6f7be210, 0x0000020f6f7bdd40, 0x0000020f6f7be6e0, 0x0000020f6f7bebb0,
0x0000020f6e44c480, 0x0000020f6e44eb00, 0x0000020f6e450cb0, 0x0000020f6e44ce20,
0x0000020f6e44f970, 0x0000020f6e44bfb0, 0x0000020f6e44b610, 0x0000020f6e44d7c0
}

Java Threads: ( => current thread )
  0x0000020f6a4abc50 JavaThread "Reference Handler" daemon [_thread_blocked, id=2180, stack(0x000000ed55d00000,0x000000ed55e00000)]
  0x0000020f6a4ac9d0 JavaThread "Finalizer" daemon [_thread_blocked, id=17344, stack(0x000000ed55e00000,0x000000ed55f00000)]
  0x0000020f6b037000 JavaThread "Signal Dispatcher" daemon [_thread_blocked, id=29204, stack(0x000000ed55f00000,0x000000ed56000000)]
  0x0000020f6b03a8e0 JavaThread "Attach Listener" daemon [_thread_blocked, id=16892, stack(0x000000ed56000000,0x000000ed56100000)]
  0x0000020f6b03b1a0 JavaThread "Service Thread" daemon [_thread_blocked, id=23456, stack(0x000000ed56100000,0x000000ed56200000)]
  0x0000020f6b03ff70 JavaThread "Monitor Deflation Thread" daemon [_thread_blocked, id=28952, stack(0x000000ed56200000,0x000000ed56300000)]
  0x0000020f6b048b70 JavaThread "C2 CompilerThread0" daemon [_thread_blocked, id=2312, stack(0x000000ed56300000,0x000000ed56400000)]
  0x0000020f6b04b110 JavaThread "C1 CompilerThread0" daemon [_thread_blocked, id=23660, stack(0x000000ed56400000,0x000000ed56500000)]
  0x0000020f6b058860 JavaThread "Sweeper thread" daemon [_thread_blocked, id=28956, stack(0x000000ed56500000,0x000000ed56600000)]
  0x0000020f6b1c5bb0 JavaThread "Common-Cleaner" daemon [_thread_blocked, id=26628, stack(0x000000ed56600000,0x000000ed56700000)]
=>0x0000020f6b376be0 JavaThread "JDWP Transport Listener: dt_socket" daemon [_thread_in_vm, id=7352, stack(0x000000ed56700000,0x000000ed56800000)]
  0x0000020f6b377890 JavaThread "JDWP Event Helper Thread" daemon [_thread_blocked, id=28968, stack(0x000000ed56800000,0x000000ed56900000)]
  0x0000020f6b377d80 JavaThread "JDWP Command Reader" daemon [_thread_in_native, id=6348, stack(0x000000ed56900000,0x000000ed56a00000)]
  0x0000020f6b898c70 JavaThread "Notification Thread" daemon [_thread_blocked, id=6644, stack(0x000000ed56c00000,0x000000ed56d00000)]
  0x0000020f6c635410 JavaThread "Catalina-utility-1" [_thread_blocked, id=1508, stack(0x000000ed57700000,0x000000ed57800000)]
  0x0000020f6c6358e0 JavaThread "Catalina-utility-2" [_thread_blocked, id=5172, stack(0x000000ed57900000,0x000000ed57a00000)]
  0x0000020f6c635db0 JavaThread "container-0" [_thread_blocked, id=27112, stack(0x000000ed57a00000,0x000000ed57b00000)]
  0x0000020f6c633260 JavaThread "mysql-cj-abandoned-connection-cleanup" daemon [_thread_blocked, id=29032, stack(0x000000ed57b00000,0x000000ed57c00000)]
  0x0000020f6c633730 JavaThread "HikariPool-1 housekeeper" daemon [_thread_blocked, id=22400, stack(0x000000ed57d00000,0x000000ed57e00000)]
  0x0000020f6f7bf550 JavaThread "HikariPool-2 housekeeper" daemon [_thread_blocked, id=22416, stack(0x000000ed57f00000,0x000000ed58000000)]
  0x0000020f6f7bfa20 JavaThread "HikariPool-3 housekeeper" daemon [_thread_blocked, id=15672, stack(0x000000ed58100000,0x000000ed58200000)]
  0x0000020f6f7bca00 JavaThread "File Watcher" daemon [_thread_blocked, id=25808, stack(0x000000ed58300000,0x000000ed58400000)]
  0x0000020f6f7bf080 JavaThread "Live Reload Server" daemon [_thread_in_native, id=5052, stack(0x000000ed58400000,0x000000ed58500000)]
  0x0000020f6f7bced0 JavaThread "http-nio-8080-exec-1" daemon [_thread_blocked, id=22228, stack(0x000000ed58500000,0x000000ed58600000)]
  0x0000020f6f7be210 JavaThread "http-nio-8080-exec-2" daemon [_thread_blocked, id=13980, stack(0x000000ed58600000,0x000000ed58700000)]
  0x0000020f6f7bdd40 JavaThread "http-nio-8080-exec-3" daemon [_thread_blocked, id=28912, stack(0x000000ed58700000,0x000000ed58800000)]
  0x0000020f6f7be6e0 JavaThread "http-nio-8080-exec-4" daemon [_thread_blocked, id=8412, stack(0x000000ed58800000,0x000000ed58900000)]
  0x0000020f6f7bebb0 JavaThread "http-nio-8080-exec-5" daemon [_thread_blocked, id=21440, stack(0x000000ed58900000,0x000000ed58a00000)]
  0x0000020f6e44c480 JavaThread "http-nio-8080-exec-6" daemon [_thread_blocked, id=27368, stack(0x000000ed58a00000,0x000000ed58b00000)]
  0x0000020f6e44eb00 JavaThread "http-nio-8080-exec-7" daemon [_thread_blocked, id=28916, stack(0x000000ed58b00000,0x000000ed58c00000)]
  0x0000020f6e450cb0 JavaThread "http-nio-8080-exec-8" daemon [_thread_blocked, id=17880, stack(0x000000ed58c00000,0x000000ed58d00000)]
  0x0000020f6e44ce20 JavaThread "http-nio-8080-exec-9" daemon [_thread_blocked, id=11400, stack(0x000000ed58d00000,0x000000ed58e00000)]
  0x0000020f6e44f970 JavaThread "http-nio-8080-exec-10" daemon [_thread_blocked, id=2024, stack(0x000000ed58e00000,0x000000ed58f00000)]
  0x0000020f6e44bfb0 JavaThread "http-nio-8080-Poller" daemon [_thread_in_native, id=24080, stack(0x000000ed58f00000,0x000000ed59000000)]
  0x0000020f6e44b610 JavaThread "http-nio-8080-Acceptor" daemon [_thread_in_native, id=9636, stack(0x000000ed59000000,0x000000ed59100000)]
  0x0000020f6e44d7c0 JavaThread "DestroyJavaVM" [_thread_blocked, id=13924, stack(0x000000ed55600000,0x000000ed55700000)]

Other Threads:
  0x0000020f6a488810 VMThread "VM Thread" [stack: 0x000000ed55c00000,0x000000ed55d00000] [id=16596]
  0x0000020f50584cd0 WatcherThread [stack: 0x000000ed56d00000,0x000000ed56e00000] [id=12940]
  0x0000020f5055fa90 GCTaskThread "GC Thread#0" [stack: 0x000000ed55700000,0x000000ed55800000] [id=1848]
  0x0000020f6bf16f60 GCTaskThread "GC Thread#1" [stack: 0x000000ed56e00000,0x000000ed56f00000] [id=22508]
  0x0000020f6bfeb740 GCTaskThread "GC Thread#2" [stack: 0x000000ed56f00000,0x000000ed57000000] [id=13744]
  0x0000020f6c3e7760 GCTaskThread "GC Thread#3" [stack: 0x000000ed57000000,0x000000ed57100000] [id=6760]
  0x0000020f6c2c4c00 GCTaskThread "GC Thread#4" [stack: 0x000000ed57100000,0x000000ed57200000] [id=29216]
  0x0000020f6c105c60 GCTaskThread "GC Thread#5" [stack: 0x000000ed57200000,0x000000ed57300000] [id=25880]
  0x0000020f6bcd66a0 GCTaskThread "GC Thread#6" [stack: 0x000000ed57300000,0x000000ed57400000] [id=23168]
  0x0000020f6bcd6950 GCTaskThread "GC Thread#7" [stack: 0x000000ed57400000,0x000000ed57500000] [id=23556]
  0x0000020f50571510 ConcurrentGCThread "G1 Main Marker" [stack: 0x000000ed55800000,0x000000ed55900000] [id=7580]
  0x0000020f50571e30 ConcurrentGCThread "G1 Conc#0" [stack: 0x000000ed55900000,0x000000ed55a00000] [id=29200]
  0x0000020f6cb10d80 ConcurrentGCThread "G1 Conc#1" [stack: 0x000000ed57800000,0x000000ed57900000] [id=11452]
  0x0000020f505e8140 ConcurrentGCThread "G1 Refine#0" [stack: 0x000000ed55a00000,0x000000ed55b00000] [id=28940]
  0x0000020f505e8a70 ConcurrentGCThread "G1 Service" [stack: 0x000000ed55b00000,0x000000ed55c00000] [id=27468]

Threads with active compile tasks:

VM state: not at safepoint (normal execution)

VM Mutex/Monitor currently owned by a thread: None

Heap address: 0x0000000081c00000, size: 2020 MB, Compressed Oops mode: 32-bit

CDS archive(s) not mapped
Compressed class space mapped at: 0x0000000100000000-0x0000000140000000, reserved size: 1073741824
Narrow klass base: 0x0000000000000000, Narrow klass shift: 3, Narrow klass range: 0x140000000

GC Precious Log:
 CPUs: 8 total, 8 available
 Memory: 8078M
 Large Page Support: Disabled
 NUMA Support: Disabled
 Compressed Oops: Enabled (32-bit)
 Heap Region Size: 1M
 Heap Min Capacity: 8M
 Heap Initial Capacity: 128M
 Heap Max Capacity: 2020M
 Pre-touch: Disabled
 Parallel Workers: 8
 Concurrent Workers: 2
 Concurrent Refinement Workers: 8
 Periodic GC: Disabled

Heap:
 garbage-first heap   total 81920K, used 56910K [0x0000000081c00000, 0x0000000100000000)
  region size 1024K, 34 young (34816K), 4 survivors (4096K)
 Metaspace       used 71523K, committed 71872K, reserved 1114112K
  class space    used 8926K, committed 9088K, reserved 1048576K

Heap Regions: E=young(eden), S=young(survivor), O=old, HS=humongous(starts), HC=humongous(continues), CS=collection set, F=free, OA=open archive, CA=closed archive, TAMS=top-at-mark-start (previous, next)
|   0|0x0000000081c00000, 0x0000000081d00000, 0x0000000081d00000|100%|HS|  |TAMS 0x0000000081d00000, 0x0000000081c00000| Complete 
|   1|0x0000000081d00000, 0x0000000081e00000, 0x0000000081e00000|100%| O|  |TAMS 0x0000000081e00000, 0x0000000081d00000| Untracked 
|   2|0x0000000081e00000, 0x0000000081f00000, 0x0000000081f00000|100%| O|  |TAMS 0x0000000081f00000, 0x0000000081e00000| Untracked 
|   3|0x0000000081f00000, 0x0000000082000000, 0x0000000082000000|100%| O|  |TAMS 0x0000000082000000, 0x0000000081f00000| Untracked 
|   4|0x0000000082000000, 0x0000000082100000, 0x0000000082100000|100%| O|  |TAMS 0x0000000082100000, 0x0000000082000000| Untracked 
|   5|0x0000000082100000, 0x0000000082200000, 0x0000000082200000|100%| O|  |TAMS 0x0000000082200000, 0x0000000082100000| Untracked 
|   6|0x0000000082200000, 0x0000000082300000, 0x0000000082300000|100%| O|  |TAMS 0x0000000082300000, 0x0000000082200000| Untracked 
|   7|0x0000000082300000, 0x0000000082400000, 0x0000000082400000|100%| O|  |TAMS 0x0000000082400000, 0x0000000082300000| Untracked 
|   8|0x0000000082400000, 0x0000000082500000, 0x0000000082500000|100%| O|  |TAMS 0x0000000082500000, 0x0000000082400000| Untracked 
|   9|0x0000000082500000, 0x0000000082600000, 0x0000000082600000|100%| O|  |TAMS 0x0000000082600000, 0x0000000082500000| Untracked 
|  10|0x0000000082600000, 0x0000000082700000, 0x0000000082700000|100%| O|  |TAMS 0x0000000082600000, 0x0000000082600000| Untracked 
|  11|0x0000000082700000, 0x0000000082800000, 0x0000000082800000|100%| O|  |TAMS 0x0000000082800000, 0x0000000082700000| Untracked 
|  12|0x0000000082800000, 0x0000000082900000, 0x0000000082900000|100%| O|  |TAMS 0x0000000082900000, 0x0000000082800000| Untracked 
|  13|0x0000000082900000, 0x0000000082a00000, 0x0000000082a00000|100%| O|  |TAMS 0x0000000082a00000, 0x0000000082900000| Untracked 
|  14|0x0000000082a00000, 0x0000000082b00000, 0x0000000082b00000|100%| O|  |TAMS 0x0000000082b00000, 0x0000000082a00000| Untracked 
|  15|0x0000000082b00000, 0x0000000082c00000, 0x0000000082c00000|100%| O|  |TAMS 0x0000000082c00000, 0x0000000082b00000| Untracked 
|  16|0x0000000082c00000, 0x0000000082cdba00, 0x0000000082d00000| 85%| O|  |TAMS 0x0000000082c00000, 0x0000000082c00000| Untracked 
|  17|0x0000000082d00000, 0x0000000082e00000, 0x0000000082e00000|100%| O|  |TAMS 0x0000000082d00000, 0x0000000082d00000| Untracked 
|  18|0x0000000082e00000, 0x0000000082f00000, 0x0000000082f00000|100%| O|  |TAMS 0x0000000082e00000, 0x0000000082e00000| Untracked 
|  19|0x0000000082f00000, 0x0000000083000000, 0x0000000083000000|100%| O|  |TAMS 0x0000000082f00000, 0x0000000082f00000| Untracked 
|  20|0x0000000083000000, 0x0000000083100000, 0x0000000083100000|100%| O|  |TAMS 0x0000000083000000, 0x0000000083000000| Untracked 
|  21|0x0000000083100000, 0x0000000083200000, 0x0000000083200000|100%| O|  |TAMS 0x0000000083100000, 0x0000000083100000| Untracked 
|  22|0x0000000083200000, 0x0000000083300000, 0x0000000083300000|100%| O|  |TAMS 0x0000000083200000, 0x0000000083200000| Untracked 
|  23|0x0000000083300000, 0x0000000083400000, 0x0000000083400000|100%| O|  |TAMS 0x0000000083300000, 0x0000000083300000| Untracked 
|  24|0x0000000083400000, 0x0000000083400000, 0x0000000083500000|  0%| F|  |TAMS 0x0000000083400000, 0x0000000083400000| Untracked 
|  25|0x0000000083500000, 0x0000000083500000, 0x0000000083600000|  0%| F|  |TAMS 0x0000000083500000, 0x0000000083500000| Untracked 
|  26|0x0000000083600000, 0x0000000083600000, 0x0000000083700000|  0%| F|  |TAMS 0x0000000083600000, 0x0000000083600000| Untracked 
|  27|0x0000000083700000, 0x0000000083700000, 0x0000000083800000|  0%| F|  |TAMS 0x0000000083700000, 0x0000000083700000| Untracked 
|  28|0x0000000083800000, 0x0000000083800000, 0x0000000083900000|  0%| F|  |TAMS 0x0000000083800000, 0x0000000083800000| Untracked 
|  29|0x0000000083900000, 0x0000000083900000, 0x0000000083a00000|  0%| F|  |TAMS 0x0000000083900000, 0x0000000083900000| Untracked 
|  30|0x0000000083a00000, 0x0000000083a00000, 0x0000000083b00000|  0%| F|  |TAMS 0x0000000083a00000, 0x0000000083a00000| Untracked 
|  31|0x0000000083b00000, 0x0000000083b00000, 0x0000000083c00000|  0%| F|  |TAMS 0x0000000083b00000, 0x0000000083b00000| Untracked 
|  32|0x0000000083c00000, 0x0000000083c00000, 0x0000000083d00000|  0%| F|  |TAMS 0x0000000083c00000, 0x0000000083c00000| Untracked 
|  33|0x0000000083d00000, 0x0000000083db7f70, 0x0000000083e00000| 71%| S|CS|TAMS 0x0000000083d00000, 0x0000000083d00000| Complete 
|  34|0x0000000083e00000, 0x0000000083f00000, 0x0000000083f00000|100%| S|CS|TAMS 0x0000000083e00000, 0x0000000083e00000| Complete 
|  35|0x0000000083f00000, 0x0000000083f00000, 0x0000000084000000|  0%| F|  |TAMS 0x0000000083f00000, 0x0000000083f00000| Untracked 
|  36|0x0000000084000000, 0x0000000084000000, 0x0000000084100000|  0%| F|  |TAMS 0x0000000084000000, 0x0000000084000000| Untracked 
|  37|0x0000000084100000, 0x0000000084100000, 0x0000000084200000|  0%| F|  |TAMS 0x0000000084100000, 0x0000000084100000| Untracked 
|  38|0x0000000084200000, 0x0000000084300000, 0x0000000084300000|100%| S|CS|TAMS 0x0000000084200000, 0x0000000084200000| Complete 
|  39|0x0000000084300000, 0x0000000084400000, 0x0000000084400000|100%| S|CS|TAMS 0x0000000084300000, 0x0000000084300000| Complete 
|  40|0x0000000084400000, 0x0000000084400000, 0x0000000084500000|  0%| F|  |TAMS 0x0000000084400000, 0x0000000084400000| Untracked 
|  41|0x0000000084500000, 0x0000000084500000, 0x0000000084600000|  0%| F|  |TAMS 0x0000000084500000, 0x0000000084500000| Untracked 
|  42|0x0000000084600000, 0x0000000084600000, 0x0000000084700000|  0%| F|  |TAMS 0x0000000084600000, 0x0000000084600000| Untracked 
|  43|0x0000000084700000, 0x0000000084700000, 0x0000000084800000|  0%| F|  |TAMS 0x0000000084700000, 0x0000000084700000| Untracked 
|  44|0x0000000084800000, 0x0000000084800000, 0x0000000084900000|  0%| F|  |TAMS 0x0000000084800000, 0x0000000084800000| Untracked 
|  45|0x0000000084900000, 0x0000000084900000, 0x0000000084a00000|  0%| F|  |TAMS 0x0000000084900000, 0x0000000084900000| Untracked 
|  46|0x0000000084a00000, 0x0000000084a00000, 0x0000000084b00000|  0%| F|  |TAMS 0x0000000084a00000, 0x0000000084a00000| Untracked 
|  47|0x0000000084b00000, 0x0000000084b00000, 0x0000000084c00000|  0%| F|  |TAMS 0x0000000084b00000, 0x0000000084b00000| Untracked 
|  48|0x0000000084c00000, 0x0000000084c00000, 0x0000000084d00000|  0%| F|  |TAMS 0x0000000084c00000, 0x0000000084c00000| Untracked 
|  49|0x0000000084d00000, 0x0000000084d00000, 0x0000000084e00000|  0%| F|  |TAMS 0x0000000084d00000, 0x0000000084d00000| Untracked 
|  50|0x0000000084e00000, 0x0000000084e89030, 0x0000000084f00000| 53%| E|  |TAMS 0x0000000084e00000, 0x0000000084e00000| Complete 
|  51|0x0000000084f00000, 0x0000000085000000, 0x0000000085000000|100%| E|CS|TAMS 0x0000000084f00000, 0x0000000084f00000| Complete 
|  52|0x0000000085000000, 0x0000000085100000, 0x0000000085100000|100%| E|CS|TAMS 0x0000000085000000, 0x0000000085000000| Complete 
|  53|0x0000000085100000, 0x0000000085200000, 0x0000000085200000|100%| E|CS|TAMS 0x0000000085100000, 0x0000000085100000| Complete 
|  54|0x0000000085200000, 0x0000000085300000, 0x0000000085300000|100%| E|CS|TAMS 0x0000000085200000, 0x0000000085200000| Complete 
|  55|0x0000000085300000, 0x0000000085400000, 0x0000000085400000|100%| E|CS|TAMS 0x0000000085300000, 0x0000000085300000| Complete 
|  56|0x0000000085400000, 0x0000000085500000, 0x0000000085500000|100%| E|CS|TAMS 0x0000000085400000, 0x0000000085400000| Complete 
|  57|0x0000000085500000, 0x0000000085600000, 0x0000000085600000|100%| E|CS|TAMS 0x0000000085500000, 0x0000000085500000| Complete 
|  58|0x0000000085600000, 0x0000000085700000, 0x0000000085700000|100%| E|CS|TAMS 0x0000000085600000, 0x0000000085600000| Complete 
|  59|0x0000000085700000, 0x0000000085800000, 0x0000000085800000|100%| E|CS|TAMS 0x0000000085700000, 0x0000000085700000| Complete 
|  60|0x0000000085800000, 0x0000000085900000, 0x0000000085900000|100%| E|CS|TAMS 0x0000000085800000, 0x0000000085800000| Complete 
|  61|0x0000000085900000, 0x0000000085a00000, 0x0000000085a00000|100%| E|CS|TAMS 0x0000000085900000, 0x0000000085900000| Complete 
|  62|0x0000000085a00000, 0x0000000085b00000, 0x0000000085b00000|100%| E|CS|TAMS 0x0000000085a00000, 0x0000000085a00000| Complete 
|  63|0x0000000085b00000, 0x0000000085c00000, 0x0000000085c00000|100%| E|CS|TAMS 0x0000000085b00000, 0x0000000085b00000| Complete 
|  64|0x0000000085c00000, 0x0000000085d00000, 0x0000000085d00000|100%| E|CS|TAMS 0x0000000085c00000, 0x0000000085c00000| Complete 
|  65|0x0000000085d00000, 0x0000000085e00000, 0x0000000085e00000|100%| E|CS|TAMS 0x0000000085d00000, 0x0000000085d00000| Complete 
|  66|0x0000000085e00000, 0x0000000085f00000, 0x0000000085f00000|100%| E|CS|TAMS 0x0000000085e00000, 0x0000000085e00000| Complete 
|  67|0x0000000085f00000, 0x0000000086000000, 0x0000000086000000|100%| E|CS|TAMS 0x0000000085f00000, 0x0000000085f00000| Complete 
|  68|0x0000000086000000, 0x0000000086100000, 0x0000000086100000|100%| E|CS|TAMS 0x0000000086000000, 0x0000000086000000| Complete 
|  69|0x0000000086100000, 0x0000000086200000, 0x0000000086200000|100%| E|CS|TAMS 0x0000000086100000, 0x0000000086100000| Complete 
|  70|0x0000000086200000, 0x0000000086300000, 0x0000000086300000|100%| E|  |TAMS 0x0000000086200000, 0x0000000086200000| Complete 
|  71|0x0000000086300000, 0x0000000086400000, 0x0000000086400000|100%| E|CS|TAMS 0x0000000086300000, 0x0000000086300000| Complete 
| 122|0x0000000089600000, 0x0000000089700000, 0x0000000089700000|100%| E|CS|TAMS 0x0000000089600000, 0x0000000089600000| Complete 
| 123|0x0000000089700000, 0x0000000089800000, 0x0000000089800000|100%| E|CS|TAMS 0x0000000089700000, 0x0000000089700000| Complete 
| 124|0x0000000089800000, 0x0000000089900000, 0x0000000089900000|100%| E|CS|TAMS 0x0000000089800000, 0x0000000089800000| Complete 
| 125|0x0000000089900000, 0x0000000089a00000, 0x0000000089a00000|100%| E|CS|TAMS 0x0000000089900000, 0x0000000089900000| Complete 
| 126|0x0000000089a00000, 0x0000000089b00000, 0x0000000089b00000|100%| E|CS|TAMS 0x0000000089a00000, 0x0000000089a00000| Complete 
| 127|0x0000000089b00000, 0x0000000089c00000, 0x0000000089c00000|100%| E|CS|TAMS 0x0000000089b00000, 0x0000000089b00000| Complete 
| 161|0x000000008bd00000, 0x000000008be00000, 0x000000008be00000|100%| E|CS|TAMS 0x000000008bd00000, 0x000000008bd00000| Complete 
| 162|0x000000008be00000, 0x000000008bf00000, 0x000000008bf00000|100%| E|CS|TAMS 0x000000008be00000, 0x000000008be00000| Complete 

Card table byte_map: [0x0000020f63300000,0x0000020f63700000] _byte_map_base: 0x0000020f62ef2000

Marking Bits (Prev, Next): (CMBitMap*) 0x0000020f5055fff0, (CMBitMap*) 0x0000020f5055ffb0
 Prev Bits: [0x0000020f65a90000, 0x0000020f67a20000)
 Next Bits: [0x0000020f63b00000, 0x0000020f65a90000)

Polling page: 0x0000020f4e4b0000

Metaspace:

Usage:
  Non-class:     61.13 MB used.
      Class:      8.72 MB used.
       Both:     69.85 MB used.

Virtual space:
  Non-class space:       64.00 MB reserved,      61.31 MB ( 96%) committed,  8 nodes.
      Class space:        1.00 GB reserved,       8.88 MB ( <1%) committed,  1 nodes.
             Both:        1.06 GB reserved,      70.19 MB (  6%) committed. 

Chunk freelists:
   Non-Class:  2.56 MB
       Class:  3.14 MB
        Both:  5.70 MB

MaxMetaspaceSize: unlimited
CompressedClassSpaceSize: 1.00 GB
Initial GC threshold: 21.00 MB
Current GC threshold: 98.56 MB
CDS: off
MetaspaceReclaimPolicy: balanced
 - commit_granule_bytes: 65536.
 - commit_granule_words: 8192.
 - virtual_space_node_default_size: 1048576.
 - enlarge_chunks_in_place: 1.
 - new_chunks_are_fully_committed: 0.
 - uncommit_free_chunks: 1.
 - use_allocation_guard: 0.
 - handle_deallocations: 1.


Internal statistics:

num_allocs_failed_limit: 9.
num_arena_births: 464.
num_arena_deaths: 0.
num_vsnodes_births: 9.
num_vsnodes_deaths: 0.
num_space_committed: 1123.
num_space_uncommitted: 0.
num_chunks_returned_to_freelist: 9.
num_chunks_taken_from_freelist: 2637.
num_chunk_merges: 9.
num_chunk_splits: 1870.
num_chunks_enlarged: 1463.
num_purges: 0.
num_inconsistent_stats: 0.

CodeHeap 'non-profiled nmethods': size=120000Kb used=4571Kb max_used=4571Kb free=115429Kb
 bounds [0x0000020f5b690000, 0x0000020f5bb10000, 0x0000020f62bc0000]
CodeHeap 'profiled nmethods': size=120000Kb used=12180Kb max_used=12180Kb free=107819Kb
 bounds [0x0000020f54160000, 0x0000020f54d50000, 0x0000020f5b690000]
CodeHeap 'non-nmethods': size=5760Kb used=1390Kb max_used=1495Kb free=4369Kb
 bounds [0x0000020f53bc0000, 0x0000020f53e30000, 0x0000020f54160000]
 total_blobs=6690 nmethods=6044 adapters=556
 compilation: enabled
              stopped_count=0, restarted_count=0
 full_count=0

Compilation events (20 events):
Event: 210.990 Thread 0x0000020f6b04b110 6801       3       java.util.concurrent.ForkJoinPool::managedBlock (36 bytes)
Event: 210.991 Thread 0x0000020f6b04b110 nmethod 6801 0x0000020f54d41790 code [0x0000020f54d419a0, 0x0000020f54d42138]
Event: 210.991 Thread 0x0000020f6b04b110 6802       3       java.util.concurrent.ForkJoinPool::unmanagedBlock (31 bytes)
Event: 210.992 Thread 0x0000020f6b04b110 nmethod 6802 0x0000020f54d42390 code [0x0000020f54d42560, 0x0000020f54d429c8]
Event: 211.990 Thread 0x0000020f6b04b110 6803       3       java.util.concurrent.locks.AbstractQueuedSynchronizer$ConditionNode::block (15 bytes)
Event: 211.991 Thread 0x0000020f6b04b110 nmethod 6803 0x0000020f54d42b10 code [0x0000020f54d42ce0, 0x0000020f54d43108]
Event: 214.592 Thread 0x0000020f6b048b70 6804       4       java.util.Collections$UnmodifiableCollection::iterator (9 bytes)
Event: 214.597 Thread 0x0000020f6b048b70 nmethod 6804 0x0000020f5bb06790 code [0x0000020f5bb06920, 0x0000020f5bb06b18]
Event: 236.796 Thread 0x0000020f6b04b110 6805       3       java.util.concurrent.locks.AbstractQueuedSynchronizer$ConditionObject::unlinkCancelledWaiters (91 bytes)
Event: 236.797 Thread 0x0000020f6b04b110 nmethod 6805 0x0000020f54d43290 code [0x0000020f54d43460, 0x0000020f54d43918]
Event: 236.982 Thread 0x0000020f6b04b110 6806       3       java.util.concurrent.locks.ReentrantReadWriteLock$ReadLock::lock (9 bytes)
Event: 236.983 Thread 0x0000020f6b04b110 nmethod 6806 0x0000020f54d43a90 code [0x0000020f54d43c40, 0x0000020f54d43d88]
Event: 236.983 Thread 0x0000020f6b04b110 6807       3       java.util.concurrent.locks.AbstractQueuedSynchronizer::acquireShared (20 bytes)
Event: 236.983 Thread 0x0000020f6b04b110 nmethod 6807 0x0000020f54d43e90 code [0x0000020f54d44040, 0x0000020f54d442b8]
Event: 236.983 Thread 0x0000020f6b04b110 6808       3       java.util.concurrent.locks.ReentrantReadWriteLock$NonfairSync::readerShouldBlock (5 bytes)
Event: 236.984 Thread 0x0000020f6b04b110 nmethod 6808 0x0000020f54d44390 code [0x0000020f54d44520, 0x0000020f54d44668]
Event: 236.984 Thread 0x0000020f6b04b110 6809       3       java.util.concurrent.locks.AbstractQueuedSynchronizer::apparentlyFirstQueuedIsExclusive (38 bytes)
Event: 236.984 Thread 0x0000020f6b04b110 nmethod 6809 0x0000020f54d44710 code [0x0000020f54d448c0, 0x0000020f54d44bd8]
Event: 236.984 Thread 0x0000020f6b04b110 6810       3       java.util.concurrent.locks.ReentrantReadWriteLock$ReadLock::unlock (10 bytes)
Event: 236.985 Thread 0x0000020f6b04b110 nmethod 6810 0x0000020f54d44c90 code [0x0000020f54d44e60, 0x0000020f54d45138]

GC Heap History (20 events):
Event: 6.453 GC heap before
{Heap before GC invocations=15 (full 0):
 garbage-first heap   total 58368K, used 44861K [0x0000000081c00000, 0x0000000100000000)
  region size 1024K, 30 young (30720K), 1 survivors (1024K)
 Metaspace       used 38254K, committed 38592K, reserved 1089536K
  class space    used 4452K, committed 4608K, reserved 1048576K
}
Event: 6.454 GC heap after
{Heap after GC invocations=16 (full 0):
 garbage-first heap   total 58368K, used 16367K [0x0000000081c00000, 0x0000000100000000)
  region size 1024K, 1 young (1024K), 1 survivors (1024K)
 Metaspace       used 38254K, committed 38592K, reserved 1089536K
  class space    used 4452K, committed 4608K, reserved 1048576K
}
Event: 6.572 GC heap before
{Heap before GC invocations=16 (full 0):
 garbage-first heap   total 58368K, used 46063K [0x0000000081c00000, 0x0000000100000000)
  region size 1024K, 31 young (31744K), 1 survivors (1024K)
 Metaspace       used 38804K, committed 39168K, reserved 1089536K
  class space    used 4504K, committed 4672K, reserved 1048576K
}
Event: 6.575 GC heap after
{Heap after GC invocations=17 (full 0):
 garbage-first heap   total 166912K, used 16631K [0x0000000081c00000, 0x0000000100000000)
  region size 1024K, 1 young (1024K), 1 survivors (1024K)
 Metaspace       used 38804K, committed 39168K, reserved 1089536K
  class space    used 4504K, committed 4672K, reserved 1048576K
}
Event: 7.900 GC heap before
{Heap before GC invocations=17 (full 0):
 garbage-first heap   total 166912K, used 113911K [0x0000000081c00000, 0x0000000100000000)
  region size 1024K, 97 young (99328K), 1 survivors (1024K)
 Metaspace       used 45732K, committed 46080K, reserved 1089536K
  class space    used 5585K, committed 5760K, reserved 1048576K
}
Event: 7.904 GC heap after
{Heap after GC invocations=18 (full 0):
 garbage-first heap   total 166912K, used 18053K [0x0000000081c00000, 0x0000000100000000)
  region size 1024K, 2 young (2048K), 2 survivors (2048K)
 Metaspace       used 45732K, committed 46080K, reserved 1089536K
  class space    used 5585K, committed 5760K, reserved 1048576K
}
Event: 9.239 GC heap before
{Heap before GC invocations=18 (full 0):
 garbage-first heap   total 166912K, used 114309K [0x0000000081c00000, 0x0000000100000000)
  region size 1024K, 97 young (99328K), 2 survivors (2048K)
 Metaspace       used 56612K, committed 57024K, reserved 1105920K
  class space    used 6905K, committed 7104K, reserved 1048576K
}
Event: 9.247 GC heap after
{Heap after GC invocations=19 (full 0):
 garbage-first heap   total 166912K, used 21237K [0x0000000081c00000, 0x0000000100000000)
  region size 1024K, 5 young (5120K), 5 survivors (5120K)
 Metaspace       used 56612K, committed 57024K, reserved 1105920K
  class space    used 6905K, committed 7104K, reserved 1048576K
}
Event: 9.773 GC heap before
{Heap before GC invocations=19 (full 0):
 garbage-first heap   total 166912K, used 56053K [0x0000000081c00000, 0x0000000100000000)
  region size 1024K, 40 young (40960K), 5 survivors (5120K)
 Metaspace       used 60112K, committed 60416K, reserved 1105920K
  class space    used 7499K, committed 7680K, reserved 1048576K
}
Event: 9.779 GC heap after
{Heap after GC invocations=20 (full 0):
 garbage-first heap   total 166912K, used 21816K [0x0000000081c00000, 0x0000000100000000)
  region size 1024K, 6 young (6144K), 6 survivors (6144K)
 Metaspace       used 60112K, committed 60416K, reserved 1105920K
  class space    used 7499K, committed 7680K, reserved 1048576K
}
Event: 10.381 GC heap before
{Heap before GC invocations=21 (full 0):
 garbage-first heap   total 81920K, used 64824K [0x0000000081c00000, 0x0000000100000000)
  region size 1024K, 48 young (49152K), 6 survivors (6144K)
 Metaspace       used 61052K, committed 61376K, reserved 1105920K
  class space    used 7624K, committed 7808K, reserved 1048576K
}
Event: 10.390 GC heap after
{Heap after GC invocations=22 (full 0):
 garbage-first heap   total 81920K, used 23457K [0x0000000081c00000, 0x0000000100000000)
  region size 1024K, 3 young (3072K), 3 survivors (3072K)
 Metaspace       used 61052K, committed 61376K, reserved 1105920K
  class space    used 7624K, committed 7808K, reserved 1048576K
}
Event: 10.393 GC heap before
{Heap before GC invocations=22 (full 0):
 garbage-first heap   total 81920K, used 24481K [0x0000000081c00000, 0x0000000100000000)
  region size 1024K, 4 young (4096K), 3 survivors (3072K)
 Metaspace       used 61119K, committed 61440K, reserved 1105920K
  class space    used 7625K, committed 7808K, reserved 1048576K
}
Event: 10.397 GC heap after
{Heap after GC invocations=23 (full 0):
 garbage-first heap   total 81920K, used 23302K [0x0000000081c00000, 0x0000000100000000)
  region size 1024K, 1 young (1024K), 1 survivors (1024K)
 Metaspace       used 61119K, committed 61440K, reserved 1105920K
  class space    used 7625K, committed 7808K, reserved 1048576K
}
Event: 10.936 GC heap before
{Heap before GC invocations=23 (full 0):
 garbage-first heap   total 81920K, used 68358K [0x0000000081c00000, 0x0000000100000000)
  region size 1024K, 45 young (46080K), 1 survivors (1024K)
 Metaspace       used 63626K, committed 64000K, reserved 1105920K
  class space    used 7952K, committed 8128K, reserved 1048576K
}
Event: 10.940 GC heap after
{Heap after GC invocations=24 (full 0):
 garbage-first heap   total 81920K, used 24560K [0x0000000081c00000, 0x0000000100000000)
  region size 1024K, 2 young (2048K), 2 survivors (2048K)
 Metaspace       used 63626K, committed 64000K, reserved 1105920K
  class space    used 7952K, committed 8128K, reserved 1048576K
}
Event: 11.582 GC heap before
{Heap before GC invocations=24 (full 0):
 garbage-first heap   total 81920K, used 67568K [0x0000000081c00000, 0x0000000100000000)
  region size 1024K, 44 young (45056K), 2 survivors (2048K)
 Metaspace       used 65586K, committed 65984K, reserved 1114112K
  class space    used 8211K, committed 8384K, reserved 1048576K
}
Event: 11.587 GC heap after
{Heap after GC invocations=25 (full 0):
 garbage-first heap   total 81920K, used 26612K [0x0000000081c00000, 0x0000000100000000)
  region size 1024K, 4 young (4096K), 4 survivors (4096K)
 Metaspace       used 65586K, committed 65984K, reserved 1114112K
  class space    used 8211K, committed 8384K, reserved 1048576K
}
Event: 41.492 GC heap before
{Heap before GC invocations=25 (full 0):
 garbage-first heap   total 81920K, used 66548K [0x0000000081c00000, 0x0000000100000000)
  region size 1024K, 44 young (45056K), 4 survivors (4096K)
 Metaspace       used 69363K, committed 69824K, reserved 1114112K
  class space    used 8689K, committed 8896K, reserved 1048576K
}
Event: 41.498 GC heap after
{Heap after GC invocations=26 (full 0):
 garbage-first heap   total 81920K, used 28238K [0x0000000081c00000, 0x0000000100000000)
  region size 1024K, 4 young (4096K), 4 survivors (4096K)
 Metaspace       used 69363K, committed 69824K, reserved 1114112K
  class space    used 8689K, committed 8896K, reserved 1048576K
}

Deoptimization events (20 events):
Event: 43.581 Thread 0x0000020f6f7bced0 DEOPT PACKING pc=0x0000020f5b96f248 sp=0x000000ed585fd820
Event: 43.581 Thread 0x0000020f6f7bced0 DEOPT UNPACKING pc=0x0000020f53c12b43 sp=0x000000ed585fccb8 mode 1
Event: 43.582 Thread 0x0000020f6f7bced0 Uncommon trap: trap_request=0xffffff97 fr.pc=0x0000020f5b96f640 relative=0x0000000000000120
Event: 43.582 Thread 0x0000020f6f7bced0 Uncommon trap: reason=unhandled action=none pc=0x0000020f5b96f640 method=jdk.internal.loader.BuiltinClassLoader.loadClass(Ljava/lang/String;Z)Ljava/lang/Class; @ 19 c2
Event: 43.582 Thread 0x0000020f6f7bced0 DEOPT PACKING pc=0x0000020f5b96f640 sp=0x000000ed585fd8a0
Event: 43.582 Thread 0x0000020f6f7bced0 DEOPT UNPACKING pc=0x0000020f53c123a3 sp=0x000000ed585fd7c0 mode 2
Event: 43.582 Thread 0x0000020f6f7bced0 DEOPT PACKING pc=0x0000020f5b96f248 sp=0x000000ed585fd8f0
Event: 43.582 Thread 0x0000020f6f7bced0 DEOPT UNPACKING pc=0x0000020f53c12b43 sp=0x000000ed585fcd88 mode 1
Event: 43.708 Thread 0x0000020f6f7bced0 Uncommon trap: trap_request=0xffffff45 fr.pc=0x0000020f5b7747d4 relative=0x0000000000000a14
Event: 43.708 Thread 0x0000020f6f7bced0 Uncommon trap: reason=unstable_if action=reinterpret pc=0x0000020f5b7747d4 method=java.util.HashMap.getNode(Ljava/lang/Object;)Ljava/util/HashMap$Node; @ 66 c2
Event: 43.708 Thread 0x0000020f6f7bced0 DEOPT PACKING pc=0x0000020f5b7747d4 sp=0x000000ed585fc840
Event: 43.708 Thread 0x0000020f6f7bced0 DEOPT UNPACKING pc=0x0000020f53c123a3 sp=0x000000ed585fc7b0 mode 2
Event: 43.731 Thread 0x0000020f6f7bced0 Uncommon trap: trap_request=0xffffff45 fr.pc=0x0000020f5badbf6c relative=0x00000000000001cc
Event: 43.731 Thread 0x0000020f6f7bced0 Uncommon trap: reason=unstable_if action=reinterpret pc=0x0000020f5badbf6c method=java.lang.Integer.getChars(II[B)I @ 4 c2
Event: 43.731 Thread 0x0000020f6f7bced0 DEOPT PACKING pc=0x0000020f5badbf6c sp=0x000000ed585fc480
Event: 43.731 Thread 0x0000020f6f7bced0 DEOPT UNPACKING pc=0x0000020f53c123a3 sp=0x000000ed585fc420 mode 2
Event: 237.501 Thread 0x0000020f6b376be0 Uncommon trap: trap_request=0xffffff45 fr.pc=0x0000020f5b96eb84 relative=0x0000000000000264
Event: 237.501 Thread 0x0000020f6b376be0 Uncommon trap: reason=unstable_if action=reinterpret pc=0x0000020f5b96eb84 method=sun.instrument.InstrumentationImpl.transform(Ljava/lang/Module;Ljava/lang/ClassLoader;Ljava/lang/String;Ljava/lang/Class;Ljava/security/ProtectionDomain;[BZ)[B @ 24 c2
Event: 237.502 Thread 0x0000020f6b376be0 DEOPT PACKING pc=0x0000020f5b96eb84 sp=0x000000ed567fe580
Event: 237.502 Thread 0x0000020f6b376be0 DEOPT UNPACKING pc=0x0000020f53c123a3 sp=0x000000ed567fe5d8 mode 2

Classes unloaded (0 events):
No events

Classes redefined (1 events):
Event: 237.528 Thread 0x0000020f6a488810 redefined class name=com.vscode.common.repo.DefaultRepoImpl, count=1

Internal exceptions (20 events):
Event: 11.290 Thread 0x0000020f6c585490 Exception <a 'java/lang/ClassNotFoundException'{0x00000000852e9480}: org/springframework/web/servlet/config/annotation/WebMvcConfigurationSupportCustomizer> (0x00000000852e9480) 
thrown [e:\jenkins\tmp\workspace\build\src\src\hotspot\share\classfile\systemDictionary.cpp, line 256]
Event: 11.293 Thread 0x0000020f6c585490 Exception <a 'java/lang/ClassNotFoundException'{0x00000000852fec68}: org/springframework/web/servlet/config/annotation/DelegatingWebMvcConfigurationCustomizer> (0x00000000852fec68) 
thrown [e:\jenkins\tmp\workspace\build\src\src\hotspot\share\classfile\systemDictionary.cpp, line 256]
Event: 11.295 Thread 0x0000020f6c585490 Exception <a 'java/lang/ClassNotFoundException'{0x0000000085109bc0}: org/springframework/boot/autoconfigure/web/servlet/WebMvcAutoConfiguration$EnableWebMvcConfigurationCustomizer> (0x0000000085109bc0) 
thrown [e:\jenkins\tmp\workspace\build\src\src\hotspot\share\classfile\systemDictionary.cpp, line 256]
Event: 11.297 Thread 0x0000020f6c585490 Exception <a 'java/lang/ClassNotFoundException'{0x000000008511d080}: org/springframework/context/ResourceLoaderAwareCustomizer> (0x000000008511d080) 
thrown [e:\jenkins\tmp\workspace\build\src\src\hotspot\share\classfile\systemDictionary.cpp, line 256]
Event: 11.298 Thread 0x0000020f6c585490 Exception <a 'java/lang/ClassNotFoundException'{0x0000000085123490}: org/springframework/beans/factory/AwareCustomizer> (0x0000000085123490) 
thrown [e:\jenkins\tmp\workspace\build\src\src\hotspot\share\classfile\systemDictionary.cpp, line 256]
Event: 11.298 Thread 0x0000020f6c585490 Exception <a 'java/lang/ClassNotFoundException'{0x0000000085128b88}: org/springframework/context/ApplicationContextAwareCustomizer> (0x0000000085128b88) 
thrown [e:\jenkins\tmp\workspace\build\src\src\hotspot\share\classfile\systemDictionary.cpp, line 256]
Event: 11.299 Thread 0x0000020f6c585490 Exception <a 'java/lang/ClassNotFoundException'{0x000000008512fa88}: org/springframework/beans/factory/AwareCustomizer> (0x000000008512fa88) 
thrown [e:\jenkins\tmp\workspace\build\src\src\hotspot\share\classfile\systemDictionary.cpp, line 256]
Event: 11.300 Thread 0x0000020f6c585490 Exception <a 'java/lang/ClassNotFoundException'{0x0000000085135158}: org/springframework/web/context/ServletContextAwareCustomizer> (0x0000000085135158) 
thrown [e:\jenkins\tmp\workspace\build\src\src\hotspot\share\classfile\systemDictionary.cpp, line 256]
Event: 11.301 Thread 0x0000020f6c585490 Exception <a 'java/lang/ClassNotFoundException'{0x000000008513b9a0}: org/springframework/beans/factory/AwareCustomizer> (0x000000008513b9a0) 
thrown [e:\jenkins\tmp\workspace\build\src\src\hotspot\share\classfile\systemDictionary.cpp, line 256]
Event: 11.412 Thread 0x0000020f6c585490 Exception <a 'java/lang/NoSuchMethodError'{0x0000000084c97878}: 'void java.lang.invoke.DirectMethodHandle$Holder.invokeVirtual(java.lang.Object, java.lang.Object, int)'> (0x0000000084c97878) 
thrown [e:\jenkins\tmp\workspace\build\src\src\hotspot\share\interpreter\linkResolver.cpp, line 766]
Event: 11.415 Thread 0x0000020f6c585490 Exception <a 'java/lang/NoSuchMethodError'{0x0000000084cb2228}: 'void java.lang.invoke.DirectMethodHandle$Holder.invokeVirtual(java.lang.Object, java.lang.Object, long)'> (0x0000000084cb2228) 
thrown [e:\jenkins\tmp\workspace\build\src\src\hotspot\share\interpreter\linkResolver.cpp, line 766]
Event: 11.632 Thread 0x0000020f6c585490 Exception <a 'java/lang/IncompatibleClassChangeError'{0x000000008bdf7be8}: Found class java.lang.Object, but interface was expected> (0x000000008bdf7be8) 
thrown [e:\jenkins\tmp\workspace\build\src\src\hotspot\share\interpreter\linkResolver.cpp, line 833]
Event: 11.931 Thread 0x0000020f6c585490 Exception <a 'java/lang/NoSuchMethodError'{0x0000000085963a88}: 'java.lang.Object java.lang.invoke.DirectMethodHandle$Holder.invokeSpecial(java.lang.Object, java.lang.Object, int, java.lang.Object, int, java.lang.Object)'> (0x0000000085963a88) 
thrown [e:\jenkins\tmp\workspace\build\src\src\hotspot\share\interpreter\linkResolver.cpp, line 766]
Event: 11.932 Thread 0x0000020f6c585490 Exception <a 'java/lang/NoSuchMethodError'{0x000000008596bb30}: 'java.lang.Object java.lang.invoke.DirectMethodHandle$Holder.newInvokeSpecial(java.lang.Object, java.lang.Object, int, java.lang.Object, int)'> (0x000000008596bb30) 
thrown [e:\jenkins\tmp\workspace\build\src\src\hotspot\share\interpreter\linkResolver.cpp, line 766]
Event: 11.932 Thread 0x0000020f6c585490 Exception <a 'java/lang/NoSuchMethodError'{0x000000008596fc30}: 'java.lang.Object java.lang.invoke.DirectMethodHandle$Holder.invokeSpecial(java.lang.Object, java.lang.Object, java.lang.Object, int, java.lang.Object, int)'> (0x000000008596fc30) 
thrown [e:\jenkins\tmp\workspace\build\src\src\hotspot\share\interpreter\linkResolver.cpp, line 766]
Event: 11.934 Thread 0x0000020f6c585490 Exception <a 'java/lang/NoSuchMethodError'{0x000000008597ec78}: 'void java.lang.invoke.DirectMethodHandle$Holder.invokeVirtual(java.lang.Object, java.lang.Object)'> (0x000000008597ec78) 
thrown [e:\jenkins\tmp\workspace\build\src\src\hotspot\share\interpreter\linkResolver.cpp, line 766]
Event: 43.319 Thread 0x0000020f6f7bced0 Exception <a 'java/lang/ClassCastException'{0x0000000086075d48}: class org.hibernate.query.internal.QueryImpl cannot be cast to class java.util.List (org.hibernate.query.internal.QueryImpl is in unnamed module of loader 'app'; java.util.List is in module java.base of loader 'bootstrap')> (0x0000000086075d48) 
thrown [e:\jenkins\tmp\workspace\build\src\src\hotspot\share\interpreter\interpreterRuntime.cpp, line 444]
Event: 43.320 Thread 0x0000020f6f7bced0 Exception <a 'java/lang/reflect/InvocationTargetException'{0x0000000086076568}> (0x0000000086076568) 
thrown [e:\jenkins\tmp\workspace\build\src\src\hotspot\share\runtime\reflection.cpp, line 1121]
Event: 43.515 Thread 0x0000020f6f7bced0 Exception <a 'java/lang/reflect/InvocationTargetException'{0x00000000860ecbd8}> (0x00000000860ecbd8) 
thrown [e:\jenkins\tmp\workspace\build\src\src\hotspot\share\runtime\reflection.cpp, line 1121]
Event: 43.535 Thread 0x0000020f6f7bced0 Exception <a 'java/lang/NoClassDefFoundError'{0x0000000085f77e98}: sun/reflect/Reflection> (0x0000000085f77e98) 
thrown [e:\jenkins\tmp\workspace\build\src\src\hotspot\share\classfile\systemDictionary.cpp, line 245]

VM Operations (20 events):
Event: 129.477 Executing VM operation: Cleanup
Event: 129.477 Executing VM operation: Cleanup done
Event: 147.660 Executing VM operation: Cleanup
Event: 147.660 Executing VM operation: Cleanup done
Event: 177.925 Executing VM operation: Cleanup
Event: 177.925 Executing VM operation: Cleanup done
Event: 195.042 Executing VM operation: Cleanup
Event: 195.042 Executing VM operation: Cleanup done
Event: 198.078 Executing VM operation: Cleanup
Event: 198.079 Executing VM operation: Cleanup done
Event: 207.184 Executing VM operation: Cleanup
Event: 207.184 Executing VM operation: Cleanup done
Event: 212.239 Executing VM operation: Cleanup
Event: 212.239 Executing VM operation: Cleanup done
Event: 213.240 Executing VM operation: Cleanup
Event: 213.240 Executing VM operation: Cleanup done
Event: 216.274 Executing VM operation: Cleanup
Event: 216.274 Executing VM operation: Cleanup done
Event: 237.506 Executing VM operation: RedefineClasses
Event: 237.570 Executing VM operation: RedefineClasses done

Events (20 events):
Event: 43.535 loading class sun/reflect/Reflection
Event: 43.535 loading class sun/reflect/Reflection done
Event: 43.546 loading class jdk/internal/loader/BootLoader$PackageHelper
Event: 43.547 loading class jdk/internal/loader/BootLoader$PackageHelper done
Event: 43.600 loading class java/lang/Throwable$WrappedPrintWriter
Event: 43.600 loading class java/lang/Throwable$WrappedPrintWriter done
Event: 43.623 loading class java/util/OptionalLong
Event: 43.623 loading class java/util/OptionalLong done
Event: 43.623 loading class java/util/OptionalDouble
Event: 43.623 loading class java/util/OptionalDouble done
Event: 43.626 Thread 0x0000020f6b04ca60 Thread added: 0x0000020f6b04ca60
Event: 43.626 Thread 0x0000020f6b04bb30 Thread added: 0x0000020f6b04bb30
Event: 43.659 loading class java/util/concurrent/atomic/AtomicReferenceArray
Event: 43.660 loading class java/util/concurrent/atomic/AtomicReferenceArray done
Event: 43.660 loading class java/lang/invoke/VarHandleReferences$Array
Event: 43.661 loading class java/lang/invoke/VarHandleReferences$Array done
Event: 43.736 loading class java/nio/StringCharBuffer
Event: 43.736 loading class java/nio/StringCharBuffer done
Event: 44.385 Thread 0x0000020f6b04bb30 Thread exited: 0x0000020f6b04bb30
Event: 46.800 Thread 0x0000020f6b04ca60 Thread exited: 0x0000020f6b04ca60


Dynamic libraries:
0x00007ff699dc0000 - 0x00007ff699dce000 	C:\Users\Utkarsh Bhardwaj\.p2\pool\plugins\org.eclipse.justj.openjdk.hotspot.jre.full.win32.x86_64_17.0.1.v20211116-1657\jre\bin\javaw.exe
0x00007ff8f7490000 - 0x00007ff8f7687000 	C:\WINDOWS\SYSTEM32\ntdll.dll
0x00007ff8f5b80000 - 0x00007ff8f5c3d000 	C:\WINDOWS\System32\KERNEL32.DLL
0x00007ff8f4e20000 - 0x00007ff8f50ed000 	C:\WINDOWS\System32\KERNELBASE.dll
0x00007ff8f53f0000 - 0x00007ff8f54f0000 	C:\WINDOWS\System32\ucrtbase.dll
0x00007ff8bb130000 - 0x00007ff8bb149000 	C:\Users\Utkarsh Bhardwaj\.p2\pool\plugins\org.eclipse.justj.openjdk.hotspot.jre.full.win32.x86_64_17.0.1.v20211116-1657\jre\bin\VCRUNTIME140.dll
0x00007ff8bb470000 - 0x00007ff8bb488000 	C:\Users\Utkarsh Bhardwaj\.p2\pool\plugins\org.eclipse.justj.openjdk.hotspot.jre.full.win32.x86_64_17.0.1.v20211116-1657\jre\bin\jli.dll
0x00007ff8f7280000 - 0x00007ff8f7420000 	C:\WINDOWS\System32\USER32.dll
0x00007ff8f4da0000 - 0x00007ff8f4dc2000 	C:\WINDOWS\System32\win32u.dll
0x00007ff8dbe10000 - 0x00007ff8dc0aa000 	C:\WINDOWS\WinSxS\amd64_microsoft.windows.common-controls_6595b64144ccf1df_6.0.19041.1110_none_60b5254171f9507e\COMCTL32.dll
0x00007ff8f6250000 - 0x00007ff8f627a000 	C:\WINDOWS\System32\GDI32.dll
0x00007ff8f5ae0000 - 0x00007ff8f5b7e000 	C:\WINDOWS\System32\msvcrt.dll
0x00007ff8f5250000 - 0x00007ff8f535b000 	C:\WINDOWS\System32\gdi32full.dll
0x00007ff8f4bb0000 - 0x00007ff8f4c4d000 	C:\WINDOWS\System32\msvcp_win.dll
0x00007ff8f7420000 - 0x00007ff8f7450000 	C:\WINDOWS\System32\IMM32.DLL
0x00007ff8ce640000 - 0x00007ff8ce64c000 	C:\Users\Utkarsh Bhardwaj\.p2\pool\plugins\org.eclipse.justj.openjdk.hotspot.jre.full.win32.x86_64_17.0.1.v20211116-1657\jre\bin\vcruntime140_1.dll
0x00007ff8b4750000 - 0x00007ff8b47e1000 	C:\Users\Utkarsh Bhardwaj\.p2\pool\plugins\org.eclipse.justj.openjdk.hotspot.jre.full.win32.x86_64_17.0.1.v20211116-1657\jre\bin\msvcp140.dll
0x00007ff86ad00000 - 0x00007ff86b946000 	C:\Users\Utkarsh Bhardwaj\.p2\pool\plugins\org.eclipse.justj.openjdk.hotspot.jre.full.win32.x86_64_17.0.1.v20211116-1657\jre\bin\server\jvm.dll
0x00007ff8f6940000 - 0x00007ff8f69ee000 	C:\WINDOWS\System32\ADVAPI32.dll
0x00007ff8f5da0000 - 0x00007ff8f5e3c000 	C:\WINDOWS\System32\sechost.dll
0x00007ff8f69f0000 - 0x00007ff8f6b15000 	C:\WINDOWS\System32\RPCRT4.dll
0x00007ff8f6280000 - 0x00007ff8f6288000 	C:\WINDOWS\System32\PSAPI.DLL
0x00007ff8d7000000 - 0x00007ff8d7009000 	C:\WINDOWS\SYSTEM32\WSOCK32.dll
0x00007ff8dd180000 - 0x00007ff8dd1a7000 	C:\WINDOWS\SYSTEM32\WINMM.dll
0x00007ff8ed6c0000 - 0x00007ff8ed6ca000 	C:\WINDOWS\SYSTEM32\VERSION.dll
0x00007ff8f6290000 - 0x00007ff8f62fb000 	C:\WINDOWS\System32\WS2_32.dll
0x00007ff8f3440000 - 0x00007ff8f3452000 	C:\WINDOWS\SYSTEM32\kernel.appcore.dll
0x00007ff8cef00000 - 0x00007ff8cef0a000 	C:\Users\Utkarsh Bhardwaj\.p2\pool\plugins\org.eclipse.justj.openjdk.hotspot.jre.full.win32.x86_64_17.0.1.v20211116-1657\jre\bin\jimage.dll
0x00007ff8f3200000 - 0x00007ff8f33e4000 	C:\WINDOWS\SYSTEM32\DBGHELP.DLL
0x00007ff8d6ca0000 - 0x00007ff8d6ccc000 	C:\WINDOWS\SYSTEM32\dbgcore.DLL
0x00007ff8f5360000 - 0x00007ff8f53e2000 	C:\WINDOWS\System32\bcryptPrimitives.dll
0x00007ff8ddca0000 - 0x00007ff8ddcdb000 	C:\Users\Utkarsh Bhardwaj\.p2\pool\plugins\org.eclipse.justj.openjdk.hotspot.jre.full.win32.x86_64_17.0.1.v20211116-1657\jre\bin\jdwp.dll
0x00007ff8de0f0000 - 0x00007ff8de0fe000 	C:\Users\Utkarsh Bhardwaj\.p2\pool\plugins\org.eclipse.justj.openjdk.hotspot.jre.full.win32.x86_64_17.0.1.v20211116-1657\jre\bin\instrument.dll
0x00007ff8ce6f0000 - 0x00007ff8ce715000 	C:\Users\Utkarsh Bhardwaj\.p2\pool\plugins\org.eclipse.justj.openjdk.hotspot.jre.full.win32.x86_64_17.0.1.v20211116-1657\jre\bin\java.dll
0x00007ff8ce6d0000 - 0x00007ff8ce6e8000 	C:\Users\Utkarsh Bhardwaj\.p2\pool\plugins\org.eclipse.justj.openjdk.hotspot.jre.full.win32.x86_64_17.0.1.v20211116-1657\jre\bin\zip.dll
0x00007ff8f6b30000 - 0x00007ff8f7274000 	C:\WINDOWS\System32\SHELL32.dll
0x00007ff8f28a0000 - 0x00007ff8f3034000 	C:\WINDOWS\SYSTEM32\windows.storage.dll
0x00007ff8f65e0000 - 0x00007ff8f6934000 	C:\WINDOWS\System32\combase.dll
0x00007ff8f4610000 - 0x00007ff8f463c000 	C:\WINDOWS\SYSTEM32\Wldp.dll
0x00007ff8f5cd0000 - 0x00007ff8f5d7d000 	C:\WINDOWS\System32\SHCORE.dll
0x00007ff8f6050000 - 0x00007ff8f60a5000 	C:\WINDOWS\System32\shlwapi.dll
0x00007ff8f4af0000 - 0x00007ff8f4b0f000 	C:\WINDOWS\SYSTEM32\profapi.dll
0x00007ff8de0e0000 - 0x00007ff8de0ec000 	C:\Users\Utkarsh Bhardwaj\.p2\pool\plugins\org.eclipse.justj.openjdk.hotspot.jre.full.win32.x86_64_17.0.1.v20211116-1657\jre\bin\dt_socket.dll
0x00007ff8f4010000 - 0x00007ff8f404b000 	C:\WINDOWS\SYSTEM32\IPHLPAPI.DLL
0x00007ff8f4370000 - 0x00007ff8f43da000 	C:\WINDOWS\system32\mswsock.dll
0x00007ff8f4050000 - 0x00007ff8f411b000 	C:\WINDOWS\SYSTEM32\DNSAPI.dll
0x00007ff8f6b20000 - 0x00007ff8f6b28000 	C:\WINDOWS\System32\NSI.dll
0x0000000051830000 - 0x000000005183a000 	C:\Program Files\National Instruments\Shared\mDNS Responder\nimdnsNSP.dll
0x0000000051820000 - 0x0000000051830000 	C:\WINDOWS\SYSTEM32\nimdnsResponder.dll
0x00007ff8ec160000 - 0x00007ff8ec16a000 	C:\Windows\System32\rasadhlp.dll
0x00007ff8db320000 - 0x00007ff8db3a0000 	C:\WINDOWS\System32\fwpuclnt.dll
0x00007ff8f4c50000 - 0x00007ff8f4c77000 	C:\WINDOWS\System32\bcrypt.dll
0x00007ff8bb8f0000 - 0x00007ff8bb909000 	C:\Users\Utkarsh Bhardwaj\.p2\pool\plugins\org.eclipse.justj.openjdk.hotspot.jre.full.win32.x86_64_17.0.1.v20211116-1657\jre\bin\net.dll
0x00007ff8e05d0000 - 0x00007ff8e06da000 	C:\WINDOWS\SYSTEM32\WINHTTP.dll
0x00007ff8bb490000 - 0x00007ff8bb4a5000 	C:\Users\Utkarsh Bhardwaj\.p2\pool\plugins\org.eclipse.justj.openjdk.hotspot.jre.full.win32.x86_64_17.0.1.v20211116-1657\jre\bin\nio.dll
0x00007ff8ce6c0000 - 0x00007ff8ce6d0000 	C:\Users\Utkarsh Bhardwaj\.p2\pool\plugins\org.eclipse.justj.openjdk.hotspot.jre.full.win32.x86_64_17.0.1.v20211116-1657\jre\bin\verify.dll
0x00007ff8c8400000 - 0x00007ff8c8409000 	C:\Users\Utkarsh Bhardwaj\.p2\pool\plugins\org.eclipse.justj.openjdk.hotspot.jre.full.win32.x86_64_17.0.1.v20211116-1657\jre\bin\management.dll
0x00007ff8c7c10000 - 0x00007ff8c7c1b000 	C:\Users\Utkarsh Bhardwaj\.p2\pool\plugins\org.eclipse.justj.openjdk.hotspot.jre.full.win32.x86_64_17.0.1.v20211116-1657\jre\bin\management_ext.dll
0x00007ff8cbbd0000 - 0x00007ff8cbbe7000 	C:\WINDOWS\system32\napinsp.dll
0x00007ff8cbbb0000 - 0x00007ff8cbbcb000 	C:\WINDOWS\system32\pnrpnsp.dll
0x00007ff8efa30000 - 0x00007ff8efa45000 	C:\WINDOWS\system32\wshbth.dll
0x00007ff8efd40000 - 0x00007ff8efd5d000 	C:\WINDOWS\system32\NLAapi.dll
0x00007ff8cbb70000 - 0x00007ff8cbb82000 	C:\WINDOWS\System32\winrnr.dll
0x00007ff8f4570000 - 0x00007ff8f4588000 	C:\WINDOWS\SYSTEM32\CRYPTSP.dll
0x00007ff8f3c80000 - 0x00007ff8f3cb4000 	C:\WINDOWS\system32\rsaenh.dll
0x00007ff8f4a70000 - 0x00007ff8f4a9e000 	C:\WINDOWS\SYSTEM32\USERENV.dll
0x00007ff8f4560000 - 0x00007ff8f456c000 	C:\WINDOWS\SYSTEM32\CRYPTBASE.dll
0x00007ff8ebf90000 - 0x00007ff8ebfa7000 	C:\WINDOWS\SYSTEM32\dhcpcsvc6.DLL
0x00007ff8ec0d0000 - 0x00007ff8ec0ed000 	C:\WINDOWS\SYSTEM32\dhcpcsvc.DLL
0x00007ff8c22e0000 - 0x00007ff8c22ee000 	C:\Users\Utkarsh Bhardwaj\.p2\pool\plugins\org.eclipse.justj.openjdk.hotspot.jre.full.win32.x86_64_17.0.1.v20211116-1657\jre\bin\sunmscapi.dll
0x00007ff8f50f0000 - 0x00007ff8f5246000 	C:\WINDOWS\System32\CRYPT32.dll
0x00007ff8f4680000 - 0x00007ff8f46a7000 	C:\WINDOWS\SYSTEM32\ncrypt.dll
0x00007ff8f4640000 - 0x00007ff8f467b000 	C:\WINDOWS\SYSTEM32\NTASN1.dll
0x00007ff8de0c0000 - 0x00007ff8de0c7000 	C:\WINDOWS\system32\wshunix.dll

dbghelp: loaded successfully - version: 4.0.5 - missing functions: none
symbol engine: initialized successfully - sym options: 0x614 - pdb path: .;C:\Users\Utkarsh Bhardwaj\.p2\pool\plugins\org.eclipse.justj.openjdk.hotspot.jre.full.win32.x86_64_17.0.1.v20211116-1657\jre\bin;C:\WINDOWS\SYSTEM32;C:\WINDOWS\WinSxS\amd64_microsoft.windows.common-controls_6595b64144ccf1df_6.0.19041.1110_none_60b5254171f9507e;C:\Users\Utkarsh Bhardwaj\.p2\pool\plugins\org.eclipse.justj.openjdk.hotspot.jre.full.win32.x86_64_17.0.1.v20211116-1657\jre\bin\server;C:\Program Files\National Instruments\Shared\mDNS Responder

VM Arguments:
jvm_args: -XX:+ShowCodeDetailsInExceptionMessages -agentlib:jdwp=transport=dt_socket,suspend=y,address=localhost:57333 -javaagent:C:\Users\Utkarsh Bhardwaj\eclipse\java-2021-12\eclipse\configuration\org.eclipse.osgi\224\0\.cp\lib\javaagent-shaded.jar -Dfile.encoding=UTF-8 
java_command: com.vscode.Application
java_class_path (initial): D:\Courses\workspace\Attendance System\com.vscode.attendance\target\classes;D:\Work_SPADE\Workspaces\MOTOR\target-jars\motor-rest\json\java-json.jar;C:\Users\Utkarsh Bhardwaj\.m2\repository\org\springframework\boot\spring-boot-starter-data-jpa\2.7.0\spring-boot-starter-data-jpa-2.7.0.jar;C:\Users\Utkarsh Bhardwaj\.m2\repository\org\springframework\boot\spring-boot-starter-aop\2.7.0\spring-boot-starter-aop-2.7.0.jar;C:\Users\Utkarsh Bhardwaj\.m2\repository\org\springframework\spring-aop\5.3.20\spring-aop-5.3.20.jar;C:\Users\Utkarsh Bhardwaj\.m2\repository\org\aspectj\aspectjweaver\1.9.7\aspectjweaver-1.9.7.jar;C:\Users\Utkarsh Bhardwaj\.m2\repository\org\springframework\boot\spring-boot-starter-jdbc\2.7.0\spring-boot-starter-jdbc-2.7.0.jar;C:\Users\Utkarsh Bhardwaj\.m2\repository\com\zaxxer\HikariCP\4.0.3\HikariCP-4.0.3.jar;C:\Users\Utkarsh Bhardwaj\.m2\repository\org\springframework\spring-jdbc\5.3.20\spring-jdbc-5.3.20.jar;C:\Users\Utkarsh Bhardwaj\.m2\repository\jakarta\transaction\jakarta.transaction-api\1.3.3\jakarta.transaction-api-1.3.3.jar;C:\Users\Utkarsh Bhardwaj\.m2\repository\jakarta\persistence\jakarta.persistence-api\2.2.3\jakarta.persistence-api-2.2.3.jar;C:\Users\Utkarsh Bhardwaj\.m2\repository\org\hibernate\hibernate-core\5.6.9.Final\hibernate-core-5.6.9.Final.jar;C:\Users\Utkarsh Bhardwaj\.m2\repository\org\jboss\logging\jboss-logging\3.4.3.Final\jboss-logging-3.4.3.Final.jar;C:\Users\Utkarsh Bhardwaj\.m2\repository\net\bytebuddy\byte-buddy\1.12.10\byte-buddy-1.12.10.jar;C:\Users\Utkarsh Bhardwaj\.m2\repository\antlr\antlr\2.7.7\antlr-2.7.7.jar;C:\Users\Utkarsh Bhardwaj\.m2\repository\org\jboss\jandex\2.4.2.Final\jandex-2.4.2.Final.jar;C:\Users\Utkarsh Bhardwaj\.m2\repository\com\fasterxml\classmate\1.5.1\classmate-1.5.1.jar;C:\Users\Utkarsh Bhardwaj\.m2\repository\org\hibernate\common\hibernate-commons-annotations\5.1.2.Final\hibernate-commons-annotations-5.1.2.Final.jar;C:\Users\Utkarsh Bhardwaj\.m2\repository\org\glas
Launcher Type: SUN_STANDARD

[Global flags]
     intx CICompilerCount                          = 4                                         {product} {ergonomic}
     uint ConcGCThreads                            = 2                                         {product} {ergonomic}
     uint G1ConcRefinementThreads                  = 8                                         {product} {ergonomic}
   size_t G1HeapRegionSize                         = 1048576                                   {product} {ergonomic}
    uintx GCDrainStackTargetSize                   = 64                                        {product} {ergonomic}
   size_t InitialHeapSize                          = 134217728                                 {product} {ergonomic}
   size_t MarkStackSize                            = 4194304                                   {product} {ergonomic}
   size_t MaxHeapSize                              = 2118123520                                {product} {ergonomic}
   size_t MaxNewSize                               = 1270874112                                {product} {ergonomic}
   size_t MinHeapDeltaBytes                        = 1048576                                   {product} {ergonomic}
   size_t MinHeapSize                              = 8388608                                   {product} {ergonomic}
    uintx NonNMethodCodeHeapSize                   = 5839372                                {pd product} {ergonomic}
    uintx NonProfiledCodeHeapSize                  = 122909434                              {pd product} {ergonomic}
    uintx ProfiledCodeHeapSize                     = 122909434                              {pd product} {ergonomic}
    uintx ReservedCodeCacheSize                    = 251658240                              {pd product} {ergonomic}
     bool SegmentedCodeCache                       = true                                      {product} {ergonomic}
     bool ShowCodeDetailsInExceptionMessages       = true                                   {manageable} {command line}
   size_t SoftMaxHeapSize                          = 2118123520                             {manageable} {ergonomic}
     bool UseCompressedClassPointers               = true                           {product lp64_product} {ergonomic}
     bool UseCompressedOops                        = true                           {product lp64_product} {ergonomic}
     bool UseG1GC                                  = true                                      {product} {ergonomic}
     bool UseLargePagesIndividualAllocation        = false                                  {pd product} {ergonomic}

Logging:
Log output configuration:
 #0: stdout all=warning uptime,level,tags
 #1: stderr all=off uptime,level,tags

Environment Variables:
PATH=C:\Users\Utkarsh Bhardwaj\.p2\pool\plugins\org.eclipse.justj.openjdk.hotspot.jre.full.win32.x86_64_17.0.1.v20211116-1657\jre\bin;C:/Users/Utkarsh Bhardwaj/.p2/pool/plugins/org.eclipse.justj.openjdk.hotspot.jre.full.win32.x86_64_17.0.1.v20211116-1657/jre/bin/server;C:/Users/Utkarsh Bhardwaj/.p2/pool/plugins/org.eclipse.justj.openjdk.hotspot.jre.full.win32.x86_64_17.0.1.v20211116-1657/jre/bin;C:\Program Files\Node-js\nodejs;C:\Users\Utkarsh Bhardwaj\AppData\Roaming\npm;C:\Users\Utkarsh Bhardwaj\AppData\Local\Programs\Microsoft VS Code\bin;D:\;
USERNAME=Utkarsh Bhardwaj
OS=Windows_NT
PROCESSOR_IDENTIFIER=Intel64 Family 6 Model 142 Stepping 12, GenuineIntel



---------------  S Y S T E M  ---------------

OS:
 Windows 10 , 64 bit Build 19041 (10.0.19041.1741)
OS uptime: 1 days 4:11 hours

CPU: total 8 (initial active 8) (4 cores per cpu, 2 threads per core) family 6 model 142 stepping 12 microcode 0xea, cx8, cmov, fxsr, ht, mmx, 3dnowpref, sse, sse2, sse3, ssse3, sse4.1, sse4.2, popcnt, lzcnt, tsc, tscinvbit, avx, avx2, aes, erms, clmul, bmi1, bmi2, adx, fma, vzeroupper, clflush, clflushopt

Memory: 4k page, system-wide physical 8078M (1062M free)
TotalPageFile size 19854M (AvailPageFile size 6827M)
current process WorkingSet (physical memory assigned to process): 255M, peak: 370M
current process commit charge ("private bytes"): 287M, peak: 409M

vm_info: OpenJDK 64-Bit Server VM (17.0.1+12) for windows-amd64 JRE (17.0.1+12), built on Oct 20 2021 07:42:55 by "" with MS VC++ 16.7 (VS2019)

END.
